#
# There is insufficient memory for the Java Runtime Environment to continue.
# Native memory allocation (mmap) failed to map 163577856 bytes for G1 virtual space
# Possible reasons:
#   The system is out of physical RAM or swap space
#   The process is running with CompressedOops enabled, and the Java Heap may be blocking the growth of the native heap
# Possible solutions:
#   Reduce memory load on the system
#   Increase physical memory or swap space
#   Check if swap backing store is full
#   Decrease Java heap size (-Xmx/-Xms)
#   Decrease number of Java threads
#   Decrease Java thread stack sizes (-Xss)
#   Set larger code cache with -XX:ReservedCodeCacheSize=
#   JVM is running with Unscaled Compressed Oops mode in which the Java heap is
#     placed in the first 4GB address space. The Java Heap base address is the
#     maximum limit for the native heap growth. Please use -XX:HeapBaseMinAddress
#     to set the Java Heap base and to place the Java Heap above 4GB virtual address.
# This output file may be truncated or incomplete.
#
#  Out of Memory Error (os_windows.cpp:3771), pid=22996, tid=11156
#
# JRE version: OpenJDK Runtime Environment (17.0.7) (build 17.0.7+0-b2043.56-10550314)
# Java VM: OpenJDK 64-Bit Server VM (17.0.7+0-b2043.56-10550314, mixed mode, tiered, compressed oops, compressed class ptrs, g1 gc, windows-amd64)
# No core dump will be written. Minidumps are not enabled by default on client versions of Windows
#

---------------  S U M M A R Y ------------

Command Line: org.jetbrains.kotlin.cli.jvm.K2JVMCompiler @C:\Users\User\AndroidStudioProjects\GiphySearchApp\app\build\20231228_7147636418558923226.compiler.options

Host: Intel(R) Core(TM) i3-6006U CPU @ 2.00GHz, 4 cores, 3G,  Windows 10 , 64 bit Build 19041 (10.0.19041.3636)
Time: Thu Dec 28 00:02:04 2023 FLE standarta laiks elapsed time: 22.125756 seconds (0d 0h 0m 22s)

---------------  T H R E A D  ---------------

Current thread (0x0000019e401301b0):  VMThread "VM Thread" [stack: 0x00000075dc500000,0x00000075dc600000] [id=11156]

Stack: [0x00000075dc500000,0x00000075dc600000]
Native frames: (J=compiled Java code, j=interpreted, Vv=VM code, C=native code)
V  [jvm.dll+0x683bfa]
V  [jvm.dll+0x8430a4]
V  [jvm.dll+0x8449be]
V  [jvm.dll+0x845023]
V  [jvm.dll+0x24ad2f]
V  [jvm.dll+0x680ac9]
V  [jvm.dll+0x67519a]
V  [jvm.dll+0x30b3cb]
V  [jvm.dll+0x312876]
V  [jvm.dll+0x36221e]
V  [jvm.dll+0x36244f]
V  [jvm.dll+0x2e14a8]
V  [jvm.dll+0x2df684]
V  [jvm.dll+0x2dec8c]
V  [jvm.dll+0x32382b]
V  [jvm.dll+0x8496eb]
V  [jvm.dll+0x84a424]
V  [jvm.dll+0x84a93d]
V  [jvm.dll+0x84ad14]
V  [jvm.dll+0x84ade0]
V  [jvm.dll+0x7f2aea]
V  [jvm.dll+0x682a35]
C  [ucrtbase.dll+0x21bb2]
C  [KERNEL32.DLL+0x17344]
C  [ntdll.dll+0x526b1]

VM_Operation (0x00000075dbffaed0): G1CollectForAllocation, mode: safepoint, requested by thread 0x0000019e2733d7c0


---------------  P R O C E S S  ---------------

Threads class SMR info:
_java_thread_list=0x0000019e4057d2e0, length=12, elements={
0x0000019e2733d7c0, 0x0000019e40116d60, 0x0000019e40118500, 0x0000019e4017ba40,
0x0000019e4017c500, 0x0000019e4017f570, 0x0000019e401805d0, 0x0000019e40180e90,
0x0000019e401977d0, 0x0000019e4019a880, 0x0000019e40578d30, 0x0000019e40581a30
}

Java Threads: ( => current thread )
  0x0000019e2733d7c0 JavaThread "main" [_thread_blocked, id=10200, stack(0x00000075dbf00000,0x00000075dc000000)]
  0x0000019e40116d60 JavaThread "Reference Handler" daemon [_thread_blocked, id=12984, stack(0x00000075dc600000,0x00000075dc700000)]
  0x0000019e40118500 JavaThread "Finalizer" daemon [_thread_blocked, id=20540, stack(0x00000075dc700000,0x00000075dc800000)]
  0x0000019e4017ba40 JavaThread "Signal Dispatcher" daemon [_thread_blocked, id=21840, stack(0x00000075dc800000,0x00000075dc900000)]
  0x0000019e4017c500 JavaThread "Attach Listener" daemon [_thread_blocked, id=22788, stack(0x00000075dc900000,0x00000075dca00000)]
  0x0000019e4017f570 JavaThread "Service Thread" daemon [_thread_blocked, id=1704, stack(0x00000075dca00000,0x00000075dcb00000)]
  0x0000019e401805d0 JavaThread "Monitor Deflation Thread" daemon [_thread_blocked, id=11952, stack(0x00000075dcb00000,0x00000075dcc00000)]
  0x0000019e40180e90 JavaThread "C2 CompilerThread0" daemon [_thread_in_native, id=16464, stack(0x00000075dcc00000,0x00000075dcd00000)]
  0x0000019e401977d0 JavaThread "C1 CompilerThread0" daemon [_thread_blocked, id=5904, stack(0x00000075dcd00000,0x00000075dce00000)]
  0x0000019e4019a880 JavaThread "Sweeper thread" daemon [_thread_blocked, id=3656, stack(0x00000075dce00000,0x00000075dcf00000)]
  0x0000019e40578d30 JavaThread "Notification Thread" daemon [_thread_blocked, id=1516, stack(0x00000075dcf00000,0x00000075dd000000)]
  0x0000019e40581a30 JavaThread "Common-Cleaner" daemon [_thread_blocked, id=16836, stack(0x00000075dd100000,0x00000075dd200000)]

Other Threads:
=>0x0000019e401301b0 VMThread "VM Thread" [stack: 0x00000075dc500000,0x00000075dc600000] [id=11156]
  0x0000019e273b9810 WatcherThread [stack: 0x00000075dd000000,0x00000075dd100000] [id=8356]
  0x0000019e273a4bc0 GCTaskThread "GC Thread#0" [stack: 0x00000075dc000000,0x00000075dc100000] [id=16072]
  0x0000019e451a1040 GCTaskThread "GC Thread#1" [stack: 0x00000075dd200000,0x00000075dd300000] [id=19352]
  0x0000019e451a1940 GCTaskThread "GC Thread#2" [stack: 0x00000075dd300000,0x00000075dd400000] [id=19204]
  0x0000019e451a1bf0 GCTaskThread "GC Thread#3" [stack: 0x00000075dd400000,0x00000075dd500000] [id=15196]
  0x0000019e273ad790 ConcurrentGCThread "G1 Main Marker" [stack: 0x00000075dc100000,0x00000075dc200000] [id=19740]
  0x0000019e273af860 ConcurrentGCThread "G1 Conc#0" [stack: 0x00000075dc200000,0x00000075dc300000] [id=22144]
  0x0000019e27401470 ConcurrentGCThread "G1 Refine#0" [stack: 0x00000075dc300000,0x00000075dc400000] [id=15936]
  0x0000019e27401da0 ConcurrentGCThread "G1 Service" [stack: 0x00000075dc400000,0x00000075dc500000] [id=3612]

Threads with active compile tasks:
C2 CompilerThread0    22202 6554       4       org.jetbrains.kotlin.cli.jvm.index.JvmDependenciesIndexImpl::search (386 bytes)

VM state: at safepoint (normal execution)

VM Mutex/Monitor currently owned by a thread:  ([mutex/lock_event])
[0x0000019e2735aab0] Threads_lock - owner thread: 0x0000019e401301b0
[0x0000019e273590d0] Heap_lock - owner thread: 0x0000019e2733d7c0

Heap address: 0x00000000c1400000, size: 1004 MB, Compressed Oops mode: 32-bit

CDS archive(s) not mapped
Compressed class space mapped at: 0x0000000100000000-0x0000000140000000, reserved size: 1073741824
Narrow klass base: 0x0000000000000000, Narrow klass shift: 3, Narrow klass range: 0x140000000

GC Precious Log:
 CPUs: 4 total, 4 available
 Memory: 4012M
 Large Page Support: Disabled
 NUMA Support: Disabled
 Compressed Oops: Enabled (32-bit)
 Heap Region Size: 1M
 Heap Min Capacity: 8M
 Heap Initial Capacity: 64M
 Heap Max Capacity: 1004M
 Pre-touch: Disabled
 Parallel Workers: 4
 Concurrent Workers: 1
 Concurrent Refinement Workers: 4
 Periodic GC: Disabled

Heap:
 garbage-first heap   total 79872K, used 49593K [0x00000000c1400000, 0x0000000100000000)
  region size 1024K, 3 young (3072K), 3 survivors (3072K)
 Metaspace       used 59507K, committed 59776K, reserved 1114112K
  class space    used 7066K, committed 7168K, reserved 1048576K

Heap Regions: E=young(eden), S=young(survivor), O=old, HS=humongous(starts), HC=humongous(continues), CS=collection set, F=free, OA=open archive, CA=closed archive, TAMS=top-at-mark-start (previous, next)
|   0|0x00000000c1400000, 0x00000000c1500000, 0x00000000c1500000|100%|HS|  |TAMS 0x00000000c1500000, 0x00000000c1500000| Complete 
|   1|0x00000000c1500000, 0x00000000c1600000, 0x00000000c1600000|100%|HC|  |TAMS 0x00000000c1600000, 0x00000000c1600000| Complete 
|   2|0x00000000c1600000, 0x00000000c1700000, 0x00000000c1700000|100%|HC|  |TAMS 0x00000000c1700000, 0x00000000c1700000| Complete 
|   3|0x00000000c1700000, 0x00000000c1800000, 0x00000000c1800000|100%|HC|  |TAMS 0x00000000c1800000, 0x00000000c1800000| Complete 
|   4|0x00000000c1800000, 0x00000000c1900000, 0x00000000c1900000|100%| O|  |TAMS 0x00000000c1900000, 0x00000000c1900000| Untracked 
|   5|0x00000000c1900000, 0x00000000c19f1600, 0x00000000c1a00000| 94%| O|  |TAMS 0x00000000c19f1600, 0x00000000c19f1600| Untracked 
|   6|0x00000000c1a00000, 0x00000000c1b00000, 0x00000000c1b00000|100%| O|  |TAMS 0x00000000c1b00000, 0x00000000c1b00000| Untracked 
|   7|0x00000000c1b00000, 0x00000000c1c00000, 0x00000000c1c00000|100%| O|  |TAMS 0x00000000c1c00000, 0x00000000c1c00000| Untracked 
|   8|0x00000000c1c00000, 0x00000000c1d00000, 0x00000000c1d00000|100%| O|  |TAMS 0x00000000c1d00000, 0x00000000c1d00000| Untracked 
|   9|0x00000000c1d00000, 0x00000000c1e00000, 0x00000000c1e00000|100%| O|  |TAMS 0x00000000c1d00000, 0x00000000c1e00000| Untracked 
|  10|0x00000000c1e00000, 0x00000000c1f00000, 0x00000000c1f00000|100%| O|  |TAMS 0x00000000c1f00000, 0x00000000c1f00000| Untracked 
|  11|0x00000000c1f00000, 0x00000000c2000000, 0x00000000c2000000|100%| O|  |TAMS 0x00000000c2000000, 0x00000000c2000000| Untracked 
|  12|0x00000000c2000000, 0x00000000c2100000, 0x00000000c2100000|100%| O|  |TAMS 0x00000000c2100000, 0x00000000c2100000| Untracked 
|  13|0x00000000c2100000, 0x00000000c2200000, 0x00000000c2200000|100%| O|  |TAMS 0x00000000c2200000, 0x00000000c2200000| Untracked 
|  14|0x00000000c2200000, 0x00000000c2300000, 0x00000000c2300000|100%| O|  |TAMS 0x00000000c2300000, 0x00000000c2300000| Untracked 
|  15|0x00000000c2300000, 0x00000000c2400000, 0x00000000c2400000|100%| O|  |TAMS 0x00000000c2400000, 0x00000000c2400000| Untracked 
|  16|0x00000000c2400000, 0x00000000c2500000, 0x00000000c2500000|100%| O|  |TAMS 0x00000000c2500000, 0x00000000c2500000| Untracked 
|  17|0x00000000c2500000, 0x00000000c2600000, 0x00000000c2600000|100%| O|  |TAMS 0x00000000c2600000, 0x00000000c2600000| Untracked 
|  18|0x00000000c2600000, 0x00000000c2700000, 0x00000000c2700000|100%| O|  |TAMS 0x00000000c2700000, 0x00000000c2700000| Untracked 
|  19|0x00000000c2700000, 0x00000000c2800000, 0x00000000c2800000|100%| O|  |TAMS 0x00000000c2800000, 0x00000000c2800000| Untracked 
|  20|0x00000000c2800000, 0x00000000c2900000, 0x00000000c2900000|100%| O|  |TAMS 0x00000000c2900000, 0x00000000c2900000| Untracked 
|  21|0x00000000c2900000, 0x00000000c2a00000, 0x00000000c2a00000|100%|HS|  |TAMS 0x00000000c2a00000, 0x00000000c2a00000| Complete 
|  22|0x00000000c2a00000, 0x00000000c2b00000, 0x00000000c2b00000|100%|HC|  |TAMS 0x00000000c2b00000, 0x00000000c2b00000| Complete 
|  23|0x00000000c2b00000, 0x00000000c2c00000, 0x00000000c2c00000|100%| O|  |TAMS 0x00000000c2c00000, 0x00000000c2c00000| Untracked 
|  24|0x00000000c2c00000, 0x00000000c2d00000, 0x00000000c2d00000|100%| O|  |TAMS 0x00000000c2d00000, 0x00000000c2d00000| Untracked 
|  25|0x00000000c2d00000, 0x00000000c2e00000, 0x00000000c2e00000|100%| O|  |TAMS 0x00000000c2e00000, 0x00000000c2e00000| Untracked 
|  26|0x00000000c2e00000, 0x00000000c2f00000, 0x00000000c2f00000|100%| O|  |TAMS 0x00000000c2f00000, 0x00000000c2f00000| Untracked 
|  27|0x00000000c2f00000, 0x00000000c3000000, 0x00000000c3000000|100%| O|  |TAMS 0x00000000c3000000, 0x00000000c3000000| Untracked 
|  28|0x00000000c3000000, 0x00000000c3100000, 0x00000000c3100000|100%| O|  |TAMS 0x00000000c3100000, 0x00000000c3100000| Untracked 
|  29|0x00000000c3100000, 0x00000000c3200000, 0x00000000c3200000|100%| O|  |TAMS 0x00000000c3200000, 0x00000000c3200000| Untracked 
|  30|0x00000000c3200000, 0x00000000c327d000, 0x00000000c3300000| 48%| O|  |TAMS 0x00000000c3200000, 0x00000000c3200000| Untracked 
|  31|0x00000000c3300000, 0x00000000c3400000, 0x00000000c3400000|100%| O|  |TAMS 0x00000000c3400000, 0x00000000c3400000| Untracked 
|  32|0x00000000c3400000, 0x00000000c3500000, 0x00000000c3500000|100%| O|  |TAMS 0x00000000c3500000, 0x00000000c3500000| Untracked 
|  33|0x00000000c3500000, 0x00000000c3600000, 0x00000000c3600000|100%| O|  |TAMS 0x00000000c3600000, 0x00000000c3600000| Untracked 
|  34|0x00000000c3600000, 0x00000000c3700000, 0x00000000c3700000|100%| O|  |TAMS 0x00000000c3700000, 0x00000000c3700000| Untracked 
|  35|0x00000000c3700000, 0x00000000c3800000, 0x00000000c3800000|100%| O|  |TAMS 0x00000000c3800000, 0x00000000c3800000| Untracked 
|  36|0x00000000c3800000, 0x00000000c3900000, 0x00000000c3900000|100%| O|  |TAMS 0x00000000c3900000, 0x00000000c3900000| Untracked 
|  37|0x00000000c3900000, 0x00000000c3a00000, 0x00000000c3a00000|100%| O|  |TAMS 0x00000000c3a00000, 0x00000000c3a00000| Untracked 
|  38|0x00000000c3a00000, 0x00000000c3b00000, 0x00000000c3b00000|100%| O|  |TAMS 0x00000000c3b00000, 0x00000000c3b00000| Untracked 
|  39|0x00000000c3b00000, 0x00000000c3c00000, 0x00000000c3c00000|100%| O|  |TAMS 0x00000000c3c00000, 0x00000000c3c00000| Untracked 
|  40|0x00000000c3c00000, 0x00000000c3d00000, 0x00000000c3d00000|100%| O|  |TAMS 0x00000000c3d00000, 0x00000000c3d00000| Untracked 
|  41|0x00000000c3d00000, 0x00000000c3e00000, 0x00000000c3e00000|100%| O|  |TAMS 0x00000000c3d4ba00, 0x00000000c3e00000| Untracked 
|  42|0x00000000c3e00000, 0x00000000c3f00000, 0x00000000c3f00000|100%| O|  |TAMS 0x00000000c3e00000, 0x00000000c3f00000| Untracked 
|  43|0x00000000c3f00000, 0x00000000c4000000, 0x00000000c4000000|100%| O|  |TAMS 0x00000000c3f00000, 0x00000000c4000000| Untracked 
|  44|0x00000000c4000000, 0x00000000c4100000, 0x00000000c4100000|100%| O|  |TAMS 0x00000000c4000000, 0x00000000c4100000| Untracked 
|  45|0x00000000c4100000, 0x00000000c4200000, 0x00000000c4200000|100%| O|  |TAMS 0x00000000c4100000, 0x00000000c41af800| Untracked 
|  46|0x00000000c4200000, 0x00000000c4200000, 0x00000000c4300000|  0%| F|  |TAMS 0x00000000c4200000, 0x00000000c4200000| Untracked 
|  47|0x00000000c4300000, 0x00000000c4300000, 0x00000000c4400000|  0%| F|  |TAMS 0x00000000c4300000, 0x00000000c4300000| Untracked 
|  48|0x00000000c4400000, 0x00000000c4400000, 0x00000000c4500000|  0%| F|  |TAMS 0x00000000c4400000, 0x00000000c4400000| Untracked 
|  49|0x00000000c4500000, 0x00000000c4500000, 0x00000000c4600000|  0%| F|  |TAMS 0x00000000c4500000, 0x00000000c4500000| Untracked 
|  50|0x00000000c4600000, 0x00000000c4600000, 0x00000000c4700000|  0%| F|  |TAMS 0x00000000c4600000, 0x00000000c4600000| Untracked 
|  51|0x00000000c4700000, 0x00000000c4700000, 0x00000000c4800000|  0%| F|  |TAMS 0x00000000c4700000, 0x00000000c4700000| Untracked 
|  52|0x00000000c4800000, 0x00000000c4800000, 0x00000000c4900000|  0%| F|  |TAMS 0x00000000c4800000, 0x00000000c4800000| Untracked 
|  53|0x00000000c4900000, 0x00000000c4900000, 0x00000000c4a00000|  0%| F|  |TAMS 0x00000000c4900000, 0x00000000c4900000| Untracked 
|  54|0x00000000c4a00000, 0x00000000c4a00000, 0x00000000c4b00000|  0%| F|  |TAMS 0x00000000c4a00000, 0x00000000c4a00000| Untracked 
|  55|0x00000000c4b00000, 0x00000000c4b00000, 0x00000000c4c00000|  0%| F|  |TAMS 0x00000000c4b00000, 0x00000000c4b00000| Untracked 
|  56|0x00000000c4c00000, 0x00000000c4c00000, 0x00000000c4d00000|  0%| F|  |TAMS 0x00000000c4c00000, 0x00000000c4c00000| Untracked 
|  57|0x00000000c4d00000, 0x00000000c4e00000, 0x00000000c4e00000|100%| S|CS|TAMS 0x00000000c4d00000, 0x00000000c4d00000| Complete 
|  58|0x00000000c4e00000, 0x00000000c4f00000, 0x00000000c4f00000|100%| S|CS|TAMS 0x00000000c4e00000, 0x00000000c4e00000| Complete 
|  59|0x00000000c4f00000, 0x00000000c5000000, 0x00000000c5000000|100%| S|CS|TAMS 0x00000000c4f00000, 0x00000000c4f00000| Complete 
|  60|0x00000000c5000000, 0x00000000c5000000, 0x00000000c5100000|  0%| F|  |TAMS 0x00000000c5000000, 0x00000000c5000000| Untracked 
|  61|0x00000000c5100000, 0x00000000c5100000, 0x00000000c5200000|  0%| F|  |TAMS 0x00000000c5100000, 0x00000000c5100000| Untracked 
|  62|0x00000000c5200000, 0x00000000c5200000, 0x00000000c5300000|  0%| F|  |TAMS 0x00000000c5200000, 0x00000000c5200000| Untracked 
|  63|0x00000000c5300000, 0x00000000c5300000, 0x00000000c5400000|  0%| F|  |TAMS 0x00000000c5300000, 0x00000000c5300000| Untracked 
|  64|0x00000000c5400000, 0x00000000c5400000, 0x00000000c5500000|  0%| F|  |TAMS 0x00000000c5400000, 0x00000000c5400000| Untracked 
|  65|0x00000000c5500000, 0x00000000c5500000, 0x00000000c5600000|  0%| F|  |TAMS 0x00000000c5500000, 0x00000000c5500000| Untracked 
|  66|0x00000000c5600000, 0x00000000c5600000, 0x00000000c5700000|  0%| F|  |TAMS 0x00000000c5600000, 0x00000000c5600000| Untracked 
|  67|0x00000000c5700000, 0x00000000c5700000, 0x00000000c5800000|  0%| F|  |TAMS 0x00000000c5700000, 0x00000000c5700000| Untracked 
|  68|0x00000000c5800000, 0x00000000c5800000, 0x00000000c5900000|  0%| F|  |TAMS 0x00000000c5800000, 0x00000000c5800000| Untracked 
|  69|0x00000000c5900000, 0x00000000c5900000, 0x00000000c5a00000|  0%| F|  |TAMS 0x00000000c5900000, 0x00000000c5900000| Untracked 
|  70|0x00000000c5a00000, 0x00000000c5a00000, 0x00000000c5b00000|  0%| F|  |TAMS 0x00000000c5a00000, 0x00000000c5a00000| Untracked 
|  71|0x00000000c5b00000, 0x00000000c5b00000, 0x00000000c5c00000|  0%| F|  |TAMS 0x00000000c5b00000, 0x00000000c5b00000| Untracked 
|  72|0x00000000c5c00000, 0x00000000c5c00000, 0x00000000c5d00000|  0%| F|  |TAMS 0x00000000c5c00000, 0x00000000c5c00000| Untracked 
|  73|0x00000000c5d00000, 0x00000000c5d00000, 0x00000000c5e00000|  0%| F|  |TAMS 0x00000000c5d00000, 0x00000000c5d00000| Untracked 
|  74|0x00000000c5e00000, 0x00000000c5e00000, 0x00000000c5f00000|  0%| F|  |TAMS 0x00000000c5e00000, 0x00000000c5e00000| Untracked 
|  75|0x00000000c5f00000, 0x00000000c5f00000, 0x00000000c6000000|  0%| F|  |TAMS 0x00000000c5f00000, 0x00000000c5f00000| Untracked 
|  76|0x00000000c6000000, 0x00000000c6000000, 0x00000000c6100000|  0%| F|  |TAMS 0x00000000c6000000, 0x00000000c6000000| Untracked 
|  77|0x00000000c6100000, 0x00000000c6100000, 0x00000000c6200000|  0%| F|  |TAMS 0x00000000c6100000, 0x00000000c6100000| Untracked 

Card table byte_map: [0x0000019e3b820000,0x0000019e3ba20000] _byte_map_base: 0x0000019e3b216000

Marking Bits (Prev, Next): (CMBitMap*) 0x0000019e273a50e0, (CMBitMap*) 0x0000019e273a5120
 Prev Bits: [0x0000019e3bc20000, 0x0000019e3cbd0000)
 Next Bits: [0x0000019e3cbd0000, 0x0000019e3db80000)

Polling page: 0x0000019e271e0000

Metaspace:

Usage:
  Non-class:     51.21 MB used.
      Class:      6.90 MB used.
       Both:     58.11 MB used.

Virtual space:
  Non-class space:       64.00 MB reserved,      51.38 MB ( 80%) committed,  1 nodes.
      Class space:        1.00 GB reserved,       7.00 MB ( <1%) committed,  1 nodes.
             Both:        1.06 GB reserved,      58.38 MB (  5%) committed. 

Chunk freelists:
   Non-Class:  11.97 MB
       Class:  8.98 MB
        Both:  20.94 MB

MaxMetaspaceSize: unlimited
CompressedClassSpaceSize: 1.00 GB
Initial GC threshold: 21.00 MB
Current GC threshold: 94.50 MB
CDS: off
MetaspaceReclaimPolicy: balanced
 - commit_granule_bytes: 65536.
 - commit_granule_words: 8192.
 - virtual_space_node_default_size: 8388608.
 - enlarge_chunks_in_place: 1.
 - new_chunks_are_fully_committed: 0.
 - uncommit_free_chunks: 1.
 - use_allocation_guard: 0.
 - handle_deallocations: 1.


Internal statistics:

num_allocs_failed_limit: 3.
num_arena_births: 238.
num_arena_deaths: 0.
num_vsnodes_births: 2.
num_vsnodes_deaths: 0.
num_space_committed: 932.
num_space_uncommitted: 0.
num_chunks_returned_to_freelist: 3.
num_chunks_taken_from_freelist: 2072.
num_chunk_merges: 3.
num_chunk_splits: 1687.
num_chunks_enlarged: 1503.
num_inconsistent_stats: 0.

CodeHeap 'non-profiled nmethods': size=120000Kb used=2328Kb max_used=2417Kb free=117671Kb
 bounds [0x0000019e33ad0000, 0x0000019e33d40000, 0x0000019e3b000000]
CodeHeap 'profiled nmethods': size=120000Kb used=13788Kb max_used=14829Kb free=106211Kb
 bounds [0x0000019e2c000000, 0x0000019e2ce80000, 0x0000019e33530000]
CodeHeap 'non-nmethods': size=5760Kb used=1293Kb max_used=1367Kb free=4466Kb
 bounds [0x0000019e33530000, 0x0000019e337a0000, 0x0000019e33ad0000]
 total_blobs=6617 nmethods=6010 adapters=518
 compilation: enabled
              stopped_count=0, restarted_count=0
 full_count=0

Compilation events (20 events):
Event: 22.091 Thread 0x0000019e401977d0 6916       2       org.jetbrains.kotlin.com.intellij.extapi.psi.StubBasedPsiElementBase::getStubOrPsiChildren (113 bytes)
Event: 22.092 Thread 0x0000019e401977d0 nmethod 6916 0x0000019e2c97cd10 code [0x0000019e2c97cf20, 0x0000019e2c97d358]
Event: 22.092 Thread 0x0000019e401977d0 6914       2       org.jetbrains.kotlin.resolve.checkers.MissingDependencyClassChecker::collectDiagnostics$consider (72 bytes)
Event: 22.093 Thread 0x0000019e401977d0 nmethod 6914 0x0000019e2c671490 code [0x0000019e2c671660, 0x0000019e2c671958]
Event: 22.093 Thread 0x0000019e401977d0 6915       2       org.jetbrains.kotlin.resolve.checkers.MissingDependencyClassChecker::diagnosticFor (37 bytes)
Event: 22.093 Thread 0x0000019e401977d0 nmethod 6915 0x0000019e2c97c390 code [0x0000019e2c97c5c0, 0x0000019e2c97ca48]
Event: 22.093 Thread 0x0000019e401977d0 6917       2       org.jetbrains.kotlin.load.java.structure.impl.classFiles.PlainJavaArrayAnnotationArgument::<init> (18 bytes)
Event: 22.094 Thread 0x0000019e401977d0 nmethod 6917 0x0000019e2c7d5c10 code [0x0000019e2c7d5e00, 0x0000019e2c7d6148]
Event: 22.095 Thread 0x0000019e401977d0 6918       2       kotlin.collections.CollectionsKt___CollectionsKt::distinct (17 bytes)
Event: 22.096 Thread 0x0000019e401977d0 nmethod 6918 0x0000019e2c7d5510 code [0x0000019e2c7d5700, 0x0000019e2c7d59f8]
Event: 22.096 Thread 0x0000019e401977d0 6919       2       java.util.Collections$SingletonMap::entrySet (34 bytes)
Event: 22.096 Thread 0x0000019e401977d0 nmethod 6919 0x0000019e2c7d4f10 code [0x0000019e2c7d50c0, 0x0000019e2c7d53f8]
Event: 22.097 Thread 0x0000019e401977d0 6920       2       org.jetbrains.kotlin.com.google.common.base.Preconditions::checkPositionIndex (8 bytes)
Event: 22.097 Thread 0x0000019e401977d0 nmethod 6920 0x0000019e2c7d4b90 code [0x0000019e2c7d4d20, 0x0000019e2c7d4e28]
Event: 22.097 Thread 0x0000019e401977d0 6921       2       org.jetbrains.kotlin.com.google.common.base.Preconditions::checkPositionIndex (25 bytes)
Event: 22.097 Thread 0x0000019e401977d0 nmethod 6921 0x0000019e2c7d4710 code [0x0000019e2c7d48c0, 0x0000019e2c7d4a98]
Event: 22.098 Thread 0x0000019e401977d0 6922       2       org.jetbrains.kotlin.types.TypeCheckerState$SupertypesPolicy$LowerIfFlexible::transformType (29 bytes)
Event: 22.099 Thread 0x0000019e401977d0 nmethod 6922 0x0000019e2c043610 code [0x0000019e2c043840, 0x0000019e2c043ca8]
Event: 22.100 Thread 0x0000019e401977d0 6923       2       org.jetbrains.kotlin.types.checker.SimpleClassicTypeSystemContext::captureFromArguments (7 bytes)
Event: 22.100 Thread 0x0000019e401977d0 nmethod 6923 0x0000019e2c7d4390 code [0x0000019e2c7d4520, 0x0000019e2c7d4648]

GC Heap History (20 events):
Event: 14.017 GC heap after
{Heap after GC invocations=15 (full 0):
 garbage-first heap   total 66560K, used 22810K [0x00000000c1400000, 0x0000000100000000)
  region size 1024K, 2 young (2048K), 2 survivors (2048K)
 Metaspace       used 46307K, committed 46528K, reserved 1114112K
  class space    used 5650K, committed 5760K, reserved 1048576K
}
Event: 14.581 GC heap before
{Heap before GC invocations=15 (full 0):
 garbage-first heap   total 66560K, used 52506K [0x00000000c1400000, 0x0000000100000000)
  region size 1024K, 28 young (28672K), 2 survivors (2048K)
 Metaspace       used 47380K, committed 47616K, reserved 1114112K
  class space    used 5750K, committed 5824K, reserved 1048576K
}
Event: 14.595 GC heap after
{Heap after GC invocations=16 (full 0):
 garbage-first heap   total 66560K, used 27589K [0x00000000c1400000, 0x0000000100000000)
  region size 1024K, 4 young (4096K), 4 survivors (4096K)
 Metaspace       used 47380K, committed 47616K, reserved 1114112K
  class space    used 5750K, committed 5824K, reserved 1048576K
}
Event: 15.635 GC heap before
{Heap before GC invocations=16 (full 0):
 garbage-first heap   total 66560K, used 50117K [0x00000000c1400000, 0x0000000100000000)
  region size 1024K, 27 young (27648K), 4 survivors (4096K)
 Metaspace       used 51227K, committed 51456K, reserved 1114112K
  class space    used 6193K, committed 6272K, reserved 1048576K
}
Event: 15.653 GC heap after
{Heap after GC invocations=17 (full 0):
 garbage-first heap   total 66560K, used 30260K [0x00000000c1400000, 0x0000000100000000)
  region size 1024K, 3 young (3072K), 3 survivors (3072K)
 Metaspace       used 51227K, committed 51456K, reserved 1114112K
  class space    used 6193K, committed 6272K, reserved 1048576K
}
Event: 17.008 GC heap before
{Heap before GC invocations=17 (full 0):
 garbage-first heap   total 66560K, used 50740K [0x00000000c1400000, 0x0000000100000000)
  region size 1024K, 23 young (23552K), 3 survivors (3072K)
 Metaspace       used 52932K, committed 53184K, reserved 1114112K
  class space    used 6287K, committed 6400K, reserved 1048576K
}
Event: 17.027 GC heap after
{Heap after GC invocations=18 (full 0):
 garbage-first heap   total 66560K, used 34292K [0x00000000c1400000, 0x0000000100000000)
  region size 1024K, 3 young (3072K), 3 survivors (3072K)
 Metaspace       used 52932K, committed 53184K, reserved 1114112K
  class space    used 6287K, committed 6400K, reserved 1048576K
}
Event: 18.427 GC heap before
{Heap before GC invocations=18 (full 0):
 garbage-first heap   total 66560K, used 51700K [0x00000000c1400000, 0x0000000100000000)
  region size 1024K, 20 young (20480K), 3 survivors (3072K)
 Metaspace       used 53268K, committed 53504K, reserved 1114112K
  class space    used 6297K, committed 6400K, reserved 1048576K
}
Event: 18.460 GC heap after
{Heap after GC invocations=19 (full 0):
 garbage-first heap   total 79872K, used 37769K [0x00000000c1400000, 0x0000000100000000)
  region size 1024K, 3 young (3072K), 3 survivors (3072K)
 Metaspace       used 53268K, committed 53504K, reserved 1114112K
  class space    used 6297K, committed 6400K, reserved 1048576K
}
Event: 19.476 GC heap before
{Heap before GC invocations=20 (full 0):
 garbage-first heap   total 79872K, used 61321K [0x00000000c1400000, 0x0000000100000000)
  region size 1024K, 26 young (26624K), 3 survivors (3072K)
 Metaspace       used 54220K, committed 54400K, reserved 1114112K
  class space    used 6431K, committed 6528K, reserved 1048576K
}
Event: 19.508 GC heap after
{Heap after GC invocations=21 (full 0):
 garbage-first heap   total 79872K, used 41814K [0x00000000c1400000, 0x0000000100000000)
  region size 1024K, 4 young (4096K), 4 survivors (4096K)
 Metaspace       used 54220K, committed 54400K, reserved 1114112K
  class space    used 6431K, committed 6528K, reserved 1048576K
}
Event: 19.516 GC heap before
{Heap before GC invocations=21 (full 0):
 garbage-first heap   total 79872K, used 42838K [0x00000000c1400000, 0x0000000100000000)
  region size 1024K, 5 young (5120K), 4 survivors (4096K)
 Metaspace       used 54223K, committed 54464K, reserved 1114112K
  class space    used 6431K, committed 6528K, reserved 1048576K
}
Event: 19.531 GC heap after
{Heap after GC invocations=22 (full 0):
 garbage-first heap   total 79872K, used 41837K [0x00000000c1400000, 0x0000000100000000)
  region size 1024K, 1 young (1024K), 1 survivors (1024K)
 Metaspace       used 54223K, committed 54464K, reserved 1114112K
  class space    used 6431K, committed 6528K, reserved 1048576K
}
Event: 20.473 GC heap before
{Heap before GC invocations=22 (full 0):
 garbage-first heap   total 79872K, used 61293K [0x00000000c1400000, 0x0000000100000000)
  region size 1024K, 20 young (20480K), 1 survivors (1024K)
 Metaspace       used 57586K, committed 57792K, reserved 1114112K
  class space    used 6876K, committed 6976K, reserved 1048576K
}
Event: 20.488 GC heap after
{Heap after GC invocations=23 (full 0):
 garbage-first heap   total 79872K, used 43417K [0x00000000c1400000, 0x0000000100000000)
  region size 1024K, 3 young (3072K), 3 survivors (3072K)
 Metaspace       used 57586K, committed 57792K, reserved 1114112K
  class space    used 6876K, committed 6976K, reserved 1048576K
}
Event: 21.497 GC heap before
{Heap before GC invocations=24 (full 0):
 garbage-first heap   total 79872K, used 61849K [0x00000000c1400000, 0x0000000100000000)
  region size 1024K, 21 young (21504K), 3 survivors (3072K)
 Metaspace       used 58776K, committed 59008K, reserved 1114112K
  class space    used 7008K, committed 7104K, reserved 1048576K
}
Event: 21.513 GC heap after
{Heap after GC invocations=25 (full 0):
 garbage-first heap   total 79872K, used 45960K [0x00000000c1400000, 0x0000000100000000)
  region size 1024K, 3 young (3072K), 3 survivors (3072K)
 Metaspace       used 58776K, committed 59008K, reserved 1114112K
  class space    used 7008K, committed 7104K, reserved 1048576K
}
Event: 21.519 GC heap before
{Heap before GC invocations=25 (full 0):
 garbage-first heap   total 79872K, used 46984K [0x00000000c1400000, 0x0000000100000000)
  region size 1024K, 4 young (4096K), 3 survivors (3072K)
 Metaspace       used 58776K, committed 59008K, reserved 1114112K
  class space    used 7008K, committed 7104K, reserved 1048576K
}
Event: 21.534 GC heap after
{Heap after GC invocations=26 (full 0):
 garbage-first heap   total 79872K, used 46113K [0x00000000c1400000, 0x0000000100000000)
  region size 1024K, 1 young (1024K), 1 survivors (1024K)
 Metaspace       used 58776K, committed 59008K, reserved 1114112K
  class space    used 7008K, committed 7104K, reserved 1048576K
}
Event: 22.102 GC heap before
{Heap before GC invocations=26 (full 0):
 garbage-first heap   total 79872K, used 63521K [0x00000000c1400000, 0x0000000100000000)
  region size 1024K, 18 young (18432K), 1 survivors (1024K)
 Metaspace       used 59507K, committed 59776K, reserved 1114112K
  class space    used 7066K, committed 7168K, reserved 1048576K
}

Dll operation events (2 events):
Event: 0.040 Loaded shared library C:\Program Files\Android\Android Studio\jbr\bin\java.dll
Event: 8.838 Loaded shared library C:\Program Files\Android\Android Studio\jbr\bin\verify.dll

Deoptimization events (20 events):
Event: 21.919 Thread 0x0000019e2733d7c0 Uncommon trap: trap_request=0xffffffde fr.pc=0x0000019e33c73678 relative=0x0000000000000478
Event: 21.919 Thread 0x0000019e2733d7c0 Uncommon trap: reason=class_check action=maybe_recompile pc=0x0000019e33c73678 method=org.jetbrains.kotlin.storage.LockBasedStorageManager$LockBasedLazyValue.invoke()Ljava/lang/Object; @ 24 c2
Event: 21.919 Thread 0x0000019e2733d7c0 DEOPT PACKING pc=0x0000019e33c73678 sp=0x00000075dbffac00
Event: 21.919 Thread 0x0000019e2733d7c0 DEOPT UNPACKING pc=0x0000019e335869a3 sp=0x00000075dbffabb0 mode 2
Event: 21.922 Thread 0x0000019e2733d7c0 Uncommon trap: trap_request=0xffffffde fr.pc=0x0000019e33cf5cb4 relative=0x0000000000000514
Event: 21.922 Thread 0x0000019e2733d7c0 Uncommon trap: reason=class_check action=maybe_recompile pc=0x0000019e33cf5cb4 method=org.jetbrains.kotlin.storage.LockBasedStorageManager$LockBasedLazyValue.invoke()Ljava/lang/Object; @ 24 c2
Event: 21.922 Thread 0x0000019e2733d7c0 DEOPT PACKING pc=0x0000019e33cf5cb4 sp=0x00000075dbff97e0
Event: 21.922 Thread 0x0000019e2733d7c0 DEOPT UNPACKING pc=0x0000019e335869a3 sp=0x00000075dbff96d8 mode 2
Event: 21.925 Thread 0x0000019e2733d7c0 Uncommon trap: trap_request=0xffffff45 fr.pc=0x0000019e33ca0074 relative=0x0000000000000e14
Event: 21.925 Thread 0x0000019e2733d7c0 Uncommon trap: reason=unstable_if action=reinterpret pc=0x0000019e33ca0074 method=org.jetbrains.kotlin.util.Checks.isApplicable(Lorg/jetbrains/kotlin/descriptors/FunctionDescriptor;)Z @ 26 c2
Event: 21.925 Thread 0x0000019e2733d7c0 DEOPT PACKING pc=0x0000019e33ca0074 sp=0x00000075dbffa5c0
Event: 21.925 Thread 0x0000019e2733d7c0 DEOPT UNPACKING pc=0x0000019e335869a3 sp=0x00000075dbffa568 mode 2
Event: 21.925 Thread 0x0000019e2733d7c0 Uncommon trap: trap_request=0xffffff45 fr.pc=0x0000019e33cbafd4 relative=0x0000000000000134
Event: 21.925 Thread 0x0000019e2733d7c0 Uncommon trap: reason=unstable_if action=reinterpret pc=0x0000019e33cbafd4 method=org.jetbrains.kotlin.util.AbstractModifierChecks.check(Lorg/jetbrains/kotlin/descriptors/FunctionDescriptor;)Lorg/jetbrains/kotlin/util/CheckResult; @ 40 c2
Event: 21.925 Thread 0x0000019e2733d7c0 DEOPT PACKING pc=0x0000019e33cbafd4 sp=0x00000075dbffa610
Event: 21.925 Thread 0x0000019e2733d7c0 DEOPT UNPACKING pc=0x0000019e335869a3 sp=0x00000075dbffa5a0 mode 2
Event: 21.936 Thread 0x0000019e2733d7c0 Uncommon trap: trap_request=0xffffff45 fr.pc=0x0000019e33ce54f8 relative=0x0000000000000078
Event: 21.936 Thread 0x0000019e2733d7c0 Uncommon trap: reason=unstable_if action=reinterpret pc=0x0000019e33ce54f8 method=org.jetbrains.kotlin.descriptors.impl.FunctionDescriptorImpl.performOverriddenLazyCalculationIfNeeded()V @ 6 c2
Event: 21.936 Thread 0x0000019e2733d7c0 DEOPT PACKING pc=0x0000019e33ce54f8 sp=0x00000075dbff9f70
Event: 21.936 Thread 0x0000019e2733d7c0 DEOPT UNPACKING pc=0x0000019e335869a3 sp=0x00000075dbff9ea8 mode 2

Classes unloaded (0 events):
No events

Classes redefined (0 events):
No events

Internal exceptions (20 events):
Event: 12.782 Thread 0x0000019e2733d7c0 Exception <a 'java/lang/NoSuchMethodError'{0x00000000c3a00c28}: 'java.lang.Object java.lang.invoke.DirectMethodHandle$Holder.newInvokeSpecial(java.lang.Object, java.lang.Object, int)'> (0x00000000c3a00c28) 
thrown [s\src\hotspot\share\interpreter\linkResolver.cpp, line 771]
Event: 13.023 Thread 0x0000019e2733d7c0 Exception <a 'java/lang/NoSuchMethodError'{0x00000000c37427a0}: 'java.lang.Object java.lang.invoke.DirectMethodHandle$Holder.newInvokeSpecial(java.lang.Object, java.lang.Object, java.lang.Object, int)'> (0x00000000c37427a0) 
thrown [s\src\hotspot\share\interpreter\linkResolver.cpp, line 771]
Event: 13.023 Thread 0x0000019e2733d7c0 Exception <a 'java/lang/NoSuchMethodError'{0x00000000c3746e28}: 'java.lang.Object java.lang.invoke.DirectMethodHandle$Holder.invokeSpecial(java.lang.Object, java.lang.Object, java.lang.Object, java.lang.Object, int)'> (0x00000000c3746e28) 
thrown [s\src\hotspot\share\interpreter\linkResolver.cpp, line 771]
Event: 13.024 Thread 0x0000019e2733d7c0 Exception <a 'java/lang/NoSuchMethodError'{0x00000000c374ac98}: 'java.lang.Object java.lang.invoke.Invokers$Holder.linkToTargetMethod(java.lang.Object, java.lang.Object, int, java.lang.Object)'> (0x00000000c374ac98) 
thrown [s\src\hotspot\share\interpreter\linkResolver.cpp, line 771]
Event: 16.066 Thread 0x0000019e2733d7c0 Exception <a 'java/lang/NoSuchMethodError'{0x00000000c4e10850}: 'java.lang.Object java.lang.invoke.DirectMethodHandle$Holder.newInvokeSpecial(java.lang.Object, java.lang.Object, java.lang.Object, java.lang.Object, java.lang.Object, java.lang.Object)'> (0x00000000c4e10850) 
thrown [s\src\hotspot\share\interpreter\linkResolver.cpp, line 771]
Event: 16.246 Thread 0x0000019e2733d7c0 Exception <a 'java/lang/NoSuchMethodError'{0x00000000c4ce9d60}: 'int java.lang.invoke.DirectMethodHandle$Holder.invokeInterface(java.lang.Object, java.lang.Object)'> (0x00000000c4ce9d60) 
thrown [s\src\hotspot\share\interpreter\linkResolver.cpp, line 771]
Event: 16.470 Thread 0x0000019e2733d7c0 Exception <a 'java/lang/NoSuchMethodError'{0x00000000c48cbc60}: 'java.lang.Object java.lang.invoke.DirectMethodHandle$Holder.invokeStaticInit(java.lang.Object, java.lang.Object, java.lang.Object)'> (0x00000000c48cbc60) 
thrown [s\src\hotspot\share\interpreter\linkResolver.cpp, line 771]
Event: 18.201 Thread 0x0000019e2733d7c0 Implicit null exception at 0x0000019e33b1bb8c to 0x0000019e33b1bdb8
Event: 18.201 Thread 0x0000019e2733d7c0 Implicit null exception at 0x0000019e33b3890f to 0x0000019e33b38989
Event: 18.716 Thread 0x0000019e2733d7c0 Exception <a 'java/lang/NoSuchMethodError'{0x00000000c5d17ae0}: 'java.lang.Object java.lang.invoke.DirectMethodHandle$Holder.newInvokeSpecial(java.lang.Object, int, java.lang.Object)'> (0x00000000c5d17ae0) 
thrown [s\src\hotspot\share\interpreter\linkResolver.cpp, line 771]
Event: 20.211 Thread 0x0000019e2733d7c0 Exception <a 'java/lang/NoSuchMethodError'{0x00000000c518bd38}: 'java.lang.Object java.lang.invoke.DirectMethodHandle$Holder.invokeStatic(java.lang.Object, java.lang.Object, java.lang.Object, java.lang.Object, int)'> (0x00000000c518bd38) 
thrown [s\src\hotspot\share\interpreter\linkResolver.cpp, line 771]
Event: 20.213 Thread 0x0000019e2733d7c0 Exception <a 'java/lang/NoSuchMethodError'{0x00000000c5195f70}: 'java.lang.Object java.lang.invoke.DirectMethodHandle$Holder.newInvokeSpecial(java.lang.Object, java.lang.Object, java.lang.Object, java.lang.Object, int)'> (0x00000000c5195f70) 
thrown [s\src\hotspot\share\interpreter\linkResolver.cpp, line 771]
Event: 20.214 Thread 0x0000019e2733d7c0 Exception <a 'java/lang/NoSuchMethodError'{0x00000000c519e590}: 'java.lang.Object java.lang.invoke.Invokers$Holder.linkToTargetMethod(java.lang.Object, java.lang.Object, java.lang.Object, int, java.lang.Object)'> (0x00000000c519e590) 
thrown [s\src\hotspot\share\interpreter\linkResolver.cpp, line 771]
Event: 20.512 Thread 0x0000019e2733d7c0 Implicit null exception at 0x0000019e33cd6540 to 0x0000019e33cd72b0
Event: 20.715 Thread 0x0000019e2733d7c0 Implicit null exception at 0x0000019e33bd6d94 to 0x0000019e33bd6e8c
Event: 20.715 Thread 0x0000019e2733d7c0 Implicit null exception at 0x0000019e33b33ce0 to 0x0000019e33b33d7a
Event: 20.751 Thread 0x0000019e2733d7c0 Exception <a 'java/lang/NoSuchMethodError'{0x00000000c5fdde08}: 'java.lang.Object java.lang.invoke.DirectMethodHandle$Holder.invokeInterface(java.lang.Object, java.lang.Object, java.lang.Object)'> (0x00000000c5fdde08) 
thrown [s\src\hotspot\share\interpreter\linkResolver.cpp, line 771]
Event: 20.752 Thread 0x0000019e2733d7c0 Exception <a 'java/lang/IncompatibleClassChangeError'{0x00000000c5fe1778}: Found class java.lang.Object, but interface was expected> (0x00000000c5fe1778) 
thrown [s\src\hotspot\share\interpreter\linkResolver.cpp, line 838]
Event: 21.020 Thread 0x0000019e2733d7c0 Exception <a 'java/lang/NoSuchMethodError'{0x00000000c5cd2e58}: 'int java.lang.invoke.DirectMethodHandle$Holder.invokeStaticInit(java.lang.Object, int)'> (0x00000000c5cd2e58) 
thrown [s\src\hotspot\share\interpreter\linkResolver.cpp, line 771]
Event: 21.931 Thread 0x0000019e2733d7c0 Exception <a 'java/lang/NoSuchMethodError'{0x00000000c5234060}: 'java.lang.Object java.lang.invoke.DirectMethodHandle$Holder.invokeStatic(java.lang.Object, int, java.lang.Object)'> (0x00000000c5234060) 
thrown [s\src\hotspot\share\interpreter\linkResolver.cpp, line 771]

VM Operations (20 events):
Event: 21.513 Executing VM operation: G1CollectForAllocation done
Event: 21.519 Executing VM operation: G1CollectForAllocation
Event: 21.535 Executing VM operation: G1CollectForAllocation done
Event: 21.656 Executing VM operation: HandshakeAllThreads
Event: 21.656 Executing VM operation: HandshakeAllThreads done
Event: 21.810 Executing VM operation: HandshakeAllThreads
Event: 21.810 Executing VM operation: HandshakeAllThreads done
Event: 21.859 Executing VM operation: ICBufferFull
Event: 21.860 Executing VM operation: ICBufferFull done
Event: 21.872 Executing VM operation: HandshakeAllThreads
Event: 21.872 Executing VM operation: HandshakeAllThreads done
Event: 21.917 Executing VM operation: HandshakeAllThreads
Event: 21.917 Executing VM operation: HandshakeAllThreads done
Event: 21.927 Executing VM operation: HandshakeAllThreads
Event: 21.927 Executing VM operation: HandshakeAllThreads done
Event: 21.935 Executing VM operation: HandshakeAllThreads
Event: 21.935 Executing VM operation: HandshakeAllThreads done
Event: 21.979 Executing VM operation: ICBufferFull
Event: 21.979 Executing VM operation: ICBufferFull done
Event: 22.102 Executing VM operation: G1CollectForAllocation

Events (20 events):
Event: 21.674 loading class jdk/internal/math/FloatingDecimal$ExceptionalBinaryToASCIIBuffer
Event: 21.674 loading class jdk/internal/math/FloatingDecimal$BinaryToASCIIConverter
Event: 21.674 loading class jdk/internal/math/FloatingDecimal$BinaryToASCIIConverter done
Event: 21.674 loading class jdk/internal/math/FloatingDecimal$ExceptionalBinaryToASCIIBuffer done
Event: 21.674 loading class jdk/internal/math/FloatingDecimal$BinaryToASCIIBuffer
Event: 21.675 loading class jdk/internal/math/FloatingDecimal$BinaryToASCIIBuffer done
Event: 21.675 loading class jdk/internal/math/FloatingDecimal$1
Event: 21.675 loading class jdk/internal/math/FloatingDecimal$1 done
Event: 21.675 loading class jdk/internal/math/FloatingDecimal$PreparedASCIIToBinaryBuffer
Event: 21.675 loading class jdk/internal/math/FloatingDecimal$ASCIIToBinaryConverter
Event: 21.675 loading class jdk/internal/math/FloatingDecimal$ASCIIToBinaryConverter done
Event: 21.675 loading class jdk/internal/math/FloatingDecimal$PreparedASCIIToBinaryBuffer done
Event: 21.676 loading class jdk/internal/math/FloatingDecimal$ASCIIToBinaryBuffer
Event: 21.676 loading class jdk/internal/math/FloatingDecimal$ASCIIToBinaryBuffer done
Event: 21.762 loading class java/util/regex/Pattern$Bound
Event: 21.762 loading class java/util/regex/Pattern$Bound done
Event: 21.762 loading class java/util/regex/Pattern$LookBehindEndNode
Event: 21.763 loading class java/util/regex/Pattern$LookBehindEndNode done
Event: 21.763 loading class java/util/regex/Pattern$NotBehind
Event: 21.763 loading class java/util/regex/Pattern$NotBehind done


Dynamic libraries:
0x00007ff6b8460000 - 0x00007ff6b846a000 	C:\Program Files\Android\Android Studio\jbr\bin\java.exe
0x00007fff61a90000 - 0x00007fff61c88000 	C:\WINDOWS\SYSTEM32\ntdll.dll
0x00007fff60510000 - 0x00007fff605cd000 	C:\WINDOWS\System32\KERNEL32.DLL
0x00007fff5f1a0000 - 0x00007fff5f496000 	C:\WINDOWS\System32\KERNELBASE.dll
0x00007fff5f790000 - 0x00007fff5f890000 	C:\WINDOWS\System32\ucrtbase.dll
0x00007fff50110000 - 0x00007fff50127000 	C:\Program Files\Android\Android Studio\jbr\bin\jli.dll
0x00007fff4f760000 - 0x00007fff4f77b000 	C:\Program Files\Android\Android Studio\jbr\bin\VCRUNTIME140.dll
0x00007fff5faf0000 - 0x00007fff5fc8e000 	C:\WINDOWS\System32\USER32.dll
0x00007fff5f170000 - 0x00007fff5f192000 	C:\WINDOWS\System32\win32u.dll
0x00007fff61310000 - 0x00007fff6133c000 	C:\WINDOWS\System32\GDI32.dll
0x00007fff5f5b0000 - 0x00007fff5f6ca000 	C:\WINDOWS\System32\gdi32full.dll
0x00007fff4cee0000 - 0x00007fff4d17a000 	C:\WINDOWS\WinSxS\amd64_microsoft.windows.common-controls_6595b64144ccf1df_6.0.19041.3636_none_60b6a03d71f818d5\COMCTL32.dll
0x00007fff5f4a0000 - 0x00007fff5f53d000 	C:\WINDOWS\System32\msvcp_win.dll
0x00007fff60110000 - 0x00007fff601ae000 	C:\WINDOWS\System32\msvcrt.dll
0x00007fff605e0000 - 0x00007fff60610000 	C:\WINDOWS\System32\IMM32.DLL
0x00007fff502e0000 - 0x00007fff502ec000 	C:\Program Files\Android\Android Studio\jbr\bin\vcruntime140_1.dll
0x00007fff2d340000 - 0x00007fff2d3cd000 	C:\Program Files\Android\Android Studio\jbr\bin\msvcp140.dll
0x00007fff22710000 - 0x00007fff23390000 	C:\Program Files\Android\Android Studio\jbr\bin\server\jvm.dll
0x00007fff619a0000 - 0x00007fff61a4f000 	C:\WINDOWS\System32\ADVAPI32.dll
0x00007fff61640000 - 0x00007fff616dc000 	C:\WINDOWS\System32\sechost.dll
0x00007fff60f70000 - 0x00007fff61096000 	C:\WINDOWS\System32\RPCRT4.dll
0x00007fff42df0000 - 0x00007fff42df9000 	C:\WINDOWS\SYSTEM32\WSOCK32.dll
0x00007fff615d0000 - 0x00007fff6163b000 	C:\WINDOWS\System32\WS2_32.dll
0x00007fff43bc0000 - 0x00007fff43be7000 	C:\WINDOWS\SYSTEM32\WINMM.dll
0x00007fff502c0000 - 0x00007fff502ca000 	C:\WINDOWS\SYSTEM32\VERSION.dll
0x00007fff5d980000 - 0x00007fff5d992000 	C:\WINDOWS\SYSTEM32\kernel.appcore.dll
0x00007fff5bfb0000 - 0x00007fff5bfba000 	C:\Program Files\Android\Android Studio\jbr\bin\jimage.dll
0x00007fff5d690000 - 0x00007fff5d874000 	C:\WINDOWS\SYSTEM32\DBGHELP.DLL
0x00007fff48130000 - 0x00007fff48164000 	C:\WINDOWS\SYSTEM32\dbgcore.DLL
0x00007fff5f6d0000 - 0x00007fff5f752000 	C:\WINDOWS\System32\bcryptPrimitives.dll
0x00007fff5a1c0000 - 0x00007fff5a1e5000 	C:\Program Files\Android\Android Studio\jbr\bin\java.dll
0x00007fff56110000 - 0x00007fff56128000 	C:\Program Files\Android\Android Studio\jbr\bin\zip.dll
0x00007fff60820000 - 0x00007fff60f64000 	C:\WINDOWS\System32\SHELL32.dll
0x00007fff5ce20000 - 0x00007fff5d5bb000 	C:\WINDOWS\SYSTEM32\windows.storage.dll
0x00007fff601b0000 - 0x00007fff60504000 	C:\WINDOWS\System32\combase.dll
0x00007fff5ea00000 - 0x00007fff5ea2d000 	C:\WINDOWS\SYSTEM32\Wldp.dll
0x00007fff610a0000 - 0x00007fff6114d000 	C:\WINDOWS\System32\SHCORE.dll
0x00007fff616e0000 - 0x00007fff61735000 	C:\WINDOWS\System32\shlwapi.dll
0x00007fff5f0a0000 - 0x00007fff5f0c5000 	C:\WINDOWS\SYSTEM32\profapi.dll
0x00007fff55ea0000 - 0x00007fff55eb9000 	C:\Program Files\Android\Android Studio\jbr\bin\net.dll
0x00007fff59640000 - 0x00007fff5974a000 	C:\WINDOWS\SYSTEM32\WINHTTP.dll
0x00007fff5e7e0000 - 0x00007fff5e84a000 	C:\WINDOWS\system32\mswsock.dll
0x00007fff50940000 - 0x00007fff50956000 	C:\Program Files\Android\Android Studio\jbr\bin\nio.dll
0x00007fff57f70000 - 0x00007fff57f80000 	C:\Program Files\Android\Android Studio\jbr\bin\verify.dll

dbghelp: loaded successfully - version: 4.0.5 - missing functions: none
symbol engine: initialized successfully - sym options: 0x614 - pdb path: .;C:\Program Files\Android\Android Studio\jbr\bin;C:\WINDOWS\SYSTEM32;C:\WINDOWS\WinSxS\amd64_microsoft.windows.common-controls_6595b64144ccf1df_6.0.19041.3636_none_60b6a03d71f818d5;C:\Program Files\Android\Android Studio\jbr\bin\server

VM Arguments:
java_command: org.jetbrains.kotlin.cli.jvm.K2JVMCompiler @C:\Users\User\AndroidStudioProjects\GiphySearchApp\app\build\20231228_7147636418558923226.compiler.options
java_class_path (initial): C:\Users\User\.gradle\caches\modules-2\files-2.1\org.jetbrains.kotlin\kotlin-compiler-embeddable\1.9.0\2c8c3a7402becca891f12739b3e9fd2dc2adbd7a\kotlin-compiler-embeddable-1.9.0.jar;C:\Users\User\.gradle\caches\modules-2\files-2.1\org.jetbrains.kotlin\kotlin-stdlib\1.9.0\8ee15ef0c67dc83d874f412d84378d7f0eb50b63\kotlin-stdlib-1.9.0.jar;C:\Users\User\.gradle\caches\modules-2\files-2.1\org.jetbrains.kotlin\kotlin-script-runtime\1.9.0\4b3102cbbb7e1b58d9d1adf89563f00069ffa7d1\kotlin-script-runtime-1.9.0.jar;C:\Users\User\.gradle\caches\modules-2\files-2.1\org.jetbrains.kotlin\kotlin-reflect\1.6.10\1cbe9c92c12a94eea200d23c2bbaedaf3daf5132\kotlin-reflect-1.6.10.jar;C:\Users\User\.gradle\caches\modules-2\files-2.1\org.jetbrains.kotlin\kotlin-daemon-embeddable\1.9.0\186543f5e28cf8d9a0290fecc2cf34301c40a65c\kotlin-daemon-embeddable-1.9.0.jar;C:\Users\User\.gradle\caches\modules-2\files-2.1\org.jetbrains.intellij.deps\trove4j\1.0.20200330\3afb14d5f9ceb459d724e907a21145e8ff394f02\trove4j-1.0.20200330.jar;C:\Users\User\.gradle\caches\modules-2\files-2.1\org.jetbrains.kotlin\kotlin-stdlib-common\1.9.0\cd65c21cfd1eec4d44ef09f9f52b6d9f8a720636\kotlin-stdlib-common-1.9.0.jar;C:\Users\User\.gradle\caches\modules-2\files-2.1\org.jetbrains\annotations\13.0\919f0dfe192fb4e063e7dacadee7f8bb9a2672a9\annotations-13.0.jar
Launcher Type: SUN_STANDARD

[Global flags]
     intx CICompilerCount                          = 3                                         {product} {ergonomic}
     uint ConcGCThreads                            = 1                                         {product} {ergonomic}
     uint G1ConcRefinementThreads                  = 4                                         {product} {ergonomic}
   size_t G1HeapRegionSize                         = 1048576                                   {product} {ergonomic}
    uintx GCDrainStackTargetSize                   = 64                                        {product} {ergonomic}
   size_t InitialHeapSize                          = 67108864                                  {product} {ergonomic}
   size_t MarkStackSize                            = 4194304                                   {product} {ergonomic}
   size_t MaxHeapSize                              = 1052770304                                {product} {ergonomic}
   size_t MaxNewSize                               = 631242752                                 {product} {ergonomic}
   size_t MinHeapDeltaBytes                        = 1048576                                   {product} {ergonomic}
   size_t MinHeapSize                              = 8388608                                   {product} {ergonomic}
    uintx NonNMethodCodeHeapSize                   = 5832780                                {pd product} {ergonomic}
    uintx NonProfiledCodeHeapSize                  = 122912730                              {pd product} {ergonomic}
    uintx ProfiledCodeHeapSize                     = 122912730                              {pd product} {ergonomic}
    uintx ReservedCodeCacheSize                    = 251658240                              {pd product} {ergonomic}
     bool SegmentedCodeCache                       = true                                      {product} {ergonomic}
   size_t SoftMaxHeapSize                          = 1052770304                             {manageable} {ergonomic}
     bool UseCompressedClassPointers               = true                           {product lp64_product} {ergonomic}
     bool UseCompressedOops                        = true                           {product lp64_product} {ergonomic}
     bool UseG1GC                                  = true                                      {product} {ergonomic}
     bool UseLargePagesIndividualAllocation        = false                                  {pd product} {ergonomic}

Logging:
Log output configuration:
 #0: stdout all=warning uptime,level,tags
 #1: stderr all=off uptime,level,tags

Environment Variables:
PATH=C:\Program Files\Common Files\Oracle\Java\javapath;C:\Program Files (x86)\Common Files\Oracle\Java\javapath;C:\WINDOWS\system32;C:\WINDOWS;C:\WINDOWS\System32\Wbem;C:\WINDOWS\System32\WindowsPowerShell\v1.0\;C:\WINDOWS\System32\OpenSSH\;C:\Program Files\Git\cmd;C:\Program Files\Docker\Docker\resources\bin;C:\ProgramData\ComposerSetup\bin;C:\Program Files\nodejs\;C:\ProgramData\chocolatey\bin;C:\Users\User\AppData\Local\Microsoft\WindowsApps;C:\Program Files\Java\jdk-17\bin;C:\php;C:\Users\User\AppData\Roaming\Composer\vendor\bin;C:\Users\User\AppData\Local\Programs\Microsoft VS Code\bin;C:\Users\User\AppData\Roaming\npm;C:\Program Files\JetBrains\WebStorm 2023.2.5\bin;;
USERNAME=User
OS=Windows_NT
PROCESSOR_IDENTIFIER=Intel64 Family 6 Model 78 Stepping 3, GenuineIntel
TMP=C:\Users\User\AppData\Local\Temp
TEMP=C:\Users\User\AppData\Local\Temp


JNI global refs:
JNI global refs: 8, weak refs: 18

JNI global refs memory usage: 843, weak refs: 841

OOME stack traces (most recent first):
Classloader memory used:
Loader jdk.internal.loader.ClassLoaders$AppClassLoader                                 : 6080K
Loader bootstrap                                                                       : 1318K
Loader java.net.URLClassLoader                                                         : 28038B
Loader jdk.internal.reflect.DelegatingClassLoader                                      : 11675B


---------------  S Y S T E M  ---------------

OS:
 Windows 10 , 64 bit Build 19041 (10.0.19041.3636)
OS uptime: 13 days 12:39 hours
Hyper-V role detected

CPU: total 4 (initial active 4) (2 cores per cpu, 2 threads per core) family 6 model 78 stepping 3 microcode 0xcc, cx8, cmov, fxsr, ht, mmx, 3dnowpref, sse, sse2, sse3, ssse3, sse4.1, sse4.2, popcnt, lzcnt, tsc, tscinvbit, avx, avx2, aes, erms, clmul, bmi1, bmi2, adx, fma, vzeroupper, clflush, clflushopt, hv

Memory: 4k page, system-wide physical 4012M (183M free)
TotalPageFile size 15429M (AvailPageFile size 25M)
current process WorkingSet (physical memory assigned to process): 217M, peak: 222M
current process commit charge ("private bytes"): 259M, peak: 416M

vm_info: OpenJDK 64-Bit Server VM (17.0.7+0-b2043.56-10550314) for windows-amd64 JRE (17.0.7+0-b2043.56-10550314), built on Jul 24 2023 18:27:45 by "androidbuild" with MS VC++ 16.10 / 16.11 (VS2019)

END.
