#
# There is insufficient memory for the Java Runtime Environment to continue.
# Native memory allocation (mmap) failed to map 75497472 bytes for G1 virtual space
# Possible reasons:
#   The system is out of physical RAM or swap space
#   The process is running with CompressedOops enabled, and the Java Heap may be blocking the growth of the native heap
# Possible solutions:
#   Reduce memory load on the system
#   Increase physical memory or swap space
#   Check if swap backing store is full
#   Decrease Java heap size (-Xmx/-Xms)
#   Decrease number of Java threads
#   Decrease Java thread stack sizes (-Xss)
#   Set larger code cache with -XX:ReservedCodeCacheSize=
#   JVM is running with Unscaled Compressed Oops mode in which the Java heap is
#     placed in the first 4GB address space. The Java Heap base address is the
#     maximum limit for the native heap growth. Please use -XX:HeapBaseMinAddress
#     to set the Java Heap base and to place the Java Heap above 4GB virtual address.
# This output file may be truncated or incomplete.
#
#  Out of Memory Error (os_windows.cpp:3771), pid=19876, tid=17584
#
# JRE version: OpenJDK Runtime Environment (17.0.7) (build 17.0.7+0-b2043.56-10550314)
# Java VM: OpenJDK 64-Bit Server VM (17.0.7+0-b2043.56-10550314, mixed mode, tiered, compressed oops, compressed class ptrs, g1 gc, windows-amd64)
# No core dump will be written. Minidumps are not enabled by default on client versions of Windows
#

---------------  S U M M A R Y ------------

Command Line: org.jetbrains.kotlin.cli.jvm.K2JVMCompiler @C:\Users\User\AndroidStudioProjects\GiphySearchApp\app\build\20231228_18323164981492159235.compiler.options

Host: Intel(R) Core(TM) i3-6006U CPU @ 2.00GHz, 4 cores, 3G,  Windows 10 , 64 bit Build 19041 (10.0.19041.3636)
Time: Thu Dec 28 00:04:58 2023 FLE standarta laiks elapsed time: 14.036873 seconds (0d 0h 0m 14s)

---------------  T H R E A D  ---------------

Current thread (0x000002416418ecb0):  VMThread "VM Thread" [stack: 0x000000f1ade00000,0x000000f1adf00000] [id=17584]

Stack: [0x000000f1ade00000,0x000000f1adf00000]
Native frames: (J=compiled Java code, j=interpreted, Vv=VM code, C=native code)
V  [jvm.dll+0x683bfa]
V  [jvm.dll+0x8430a4]
V  [jvm.dll+0x8449be]
V  [jvm.dll+0x845023]
V  [jvm.dll+0x24ad2f]
V  [jvm.dll+0x680ac9]
V  [jvm.dll+0x67519a]
V  [jvm.dll+0x30b3cb]
V  [jvm.dll+0x312876]
V  [jvm.dll+0x36221e]
V  [jvm.dll+0x36244f]
V  [jvm.dll+0x2e14a8]
V  [jvm.dll+0x2df684]
V  [jvm.dll+0x2dec8c]
V  [jvm.dll+0x32382b]
V  [jvm.dll+0x8496eb]
V  [jvm.dll+0x84a424]
V  [jvm.dll+0x84a93d]
V  [jvm.dll+0x84ad14]
V  [jvm.dll+0x84ade0]
V  [jvm.dll+0x7f2aea]
V  [jvm.dll+0x682a35]
C  [ucrtbase.dll+0x21bb2]
C  [KERNEL32.DLL+0x17344]
C  [ntdll.dll+0x526b1]

VM_Operation (0x000000f1ad8fcad0): G1CollectForAllocation, mode: safepoint, requested by thread 0x00000241640bb460


---------------  P R O C E S S  ---------------

Threads class SMR info:
_java_thread_list=0x000002417afc2950, length=12, elements={
0x00000241640bb460, 0x000002417af86580, 0x000002417af87c30, 0x000002417afeb910,
0x000002417afec0d0, 0x000002417afeee40, 0x000002417aff3410, 0x000002417aff41c0,
0x000002417affff80, 0x000002417b00bc60, 0x000002410426d720, 0x000002410427dae0
}

Java Threads: ( => current thread )
  0x00000241640bb460 JavaThread "main" [_thread_blocked, id=16692, stack(0x000000f1ad800000,0x000000f1ad900000)]
  0x000002417af86580 JavaThread "Reference Handler" daemon [_thread_blocked, id=2288, stack(0x000000f1adf00000,0x000000f1ae000000)]
  0x000002417af87c30 JavaThread "Finalizer" daemon [_thread_blocked, id=16420, stack(0x000000f1ae000000,0x000000f1ae100000)]
  0x000002417afeb910 JavaThread "Signal Dispatcher" daemon [_thread_blocked, id=1212, stack(0x000000f1ae100000,0x000000f1ae200000)]
  0x000002417afec0d0 JavaThread "Attach Listener" daemon [_thread_blocked, id=12068, stack(0x000000f1ae200000,0x000000f1ae300000)]
  0x000002417afeee40 JavaThread "Service Thread" daemon [_thread_blocked, id=10784, stack(0x000000f1ae300000,0x000000f1ae400000)]
  0x000002417aff3410 JavaThread "Monitor Deflation Thread" daemon [_thread_blocked, id=14820, stack(0x000000f1ae400000,0x000000f1ae500000)]
  0x000002417aff41c0 JavaThread "C2 CompilerThread0" daemon [_thread_blocked, id=21780, stack(0x000000f1ae500000,0x000000f1ae600000)]
  0x000002417affff80 JavaThread "C1 CompilerThread0" daemon [_thread_blocked, id=1116, stack(0x000000f1ae600000,0x000000f1ae700000)]
  0x000002417b00bc60 JavaThread "Sweeper thread" daemon [_thread_blocked, id=3560, stack(0x000000f1ae700000,0x000000f1ae800000)]
  0x000002410426d720 JavaThread "Notification Thread" daemon [_thread_blocked, id=12324, stack(0x000000f1ae800000,0x000000f1ae900000)]
  0x000002410427dae0 JavaThread "Common-Cleaner" daemon [_thread_blocked, id=19580, stack(0x000000f1aea00000,0x000000f1aeb00000)]

Other Threads:
=>0x000002416418ecb0 VMThread "VM Thread" [stack: 0x000000f1ade00000,0x000000f1adf00000] [id=17584]
  0x00000241041a0cf0 WatcherThread [stack: 0x000000f1ae900000,0x000000f1aea00000] [id=22712]
  0x00000241640f3e20 GCTaskThread "GC Thread#0" [stack: 0x000000f1ad900000,0x000000f1ada00000] [id=9192]
  0x000002410468f710 GCTaskThread "GC Thread#1" [stack: 0x000000f1aeb00000,0x000000f1aec00000] [id=15252]
  0x0000024104698db0 GCTaskThread "GC Thread#2" [stack: 0x000000f1aec00000,0x000000f1aed00000] [id=9572]
  0x0000024104699060 GCTaskThread "GC Thread#3" [stack: 0x000000f1aed00000,0x000000f1aee00000] [id=6072]
  0x00000241640fcae0 ConcurrentGCThread "G1 Main Marker" [stack: 0x000000f1ada00000,0x000000f1adb00000] [id=15844]
  0x00000241640feca0 ConcurrentGCThread "G1 Conc#0" [stack: 0x000000f1adb00000,0x000000f1adc00000] [id=7844]
  0x000002416414df50 ConcurrentGCThread "G1 Refine#0" [stack: 0x000000f1adc00000,0x000000f1add00000] [id=7580]
  0x000002416414e580 ConcurrentGCThread "G1 Service" [stack: 0x000000f1add00000,0x000000f1ade00000] [id=17576]

Threads with active compile tasks:
C1 CompilerThread0    14181 5439       3       org.jetbrains.kotlin.types.SpecialTypesKt::getAbbreviation (23 bytes)

VM state: at safepoint (normal execution)

VM Mutex/Monitor currently owned by a thread:  ([mutex/lock_event])
[0x0000024161fbba20] Threads_lock - owner thread: 0x000002416418ecb0
[0x0000024161fbc170] Heap_lock - owner thread: 0x00000241640bb460

Heap address: 0x00000000c1400000, size: 1004 MB, Compressed Oops mode: 32-bit

CDS archive(s) not mapped
Compressed class space mapped at: 0x0000000100000000-0x0000000140000000, reserved size: 1073741824
Narrow klass base: 0x0000000000000000, Narrow klass shift: 3, Narrow klass range: 0x140000000

GC Precious Log:
 CPUs: 4 total, 4 available
 Memory: 4012M
 Large Page Support: Disabled
 NUMA Support: Disabled
 Compressed Oops: Enabled (32-bit)
 Heap Region Size: 1M
 Heap Min Capacity: 8M
 Heap Initial Capacity: 64M
 Heap Max Capacity: 1004M
 Pre-touch: Disabled
 Parallel Workers: 4
 Concurrent Workers: 1
 Concurrent Refinement Workers: 4
 Periodic GC: Disabled

Heap:
 garbage-first heap   total 73728K, used 40562K [0x00000000c1400000, 0x0000000100000000)
  region size 1024K, 3 young (3072K), 3 survivors (3072K)
 Metaspace       used 53712K, committed 53952K, reserved 1114112K
  class space    used 6372K, committed 6464K, reserved 1048576K

Heap Regions: E=young(eden), S=young(survivor), O=old, HS=humongous(starts), HC=humongous(continues), CS=collection set, F=free, OA=open archive, CA=closed archive, TAMS=top-at-mark-start (previous, next)
|   0|0x00000000c1400000, 0x00000000c1500000, 0x00000000c1500000|100%|HS|  |TAMS 0x00000000c1500000, 0x00000000c1500000| Complete 
|   1|0x00000000c1500000, 0x00000000c1600000, 0x00000000c1600000|100%|HC|  |TAMS 0x00000000c1600000, 0x00000000c1600000| Complete 
|   2|0x00000000c1600000, 0x00000000c1700000, 0x00000000c1700000|100%|HC|  |TAMS 0x00000000c1700000, 0x00000000c1700000| Complete 
|   3|0x00000000c1700000, 0x00000000c1800000, 0x00000000c1800000|100%|HC|  |TAMS 0x00000000c1800000, 0x00000000c1800000| Complete 
|   4|0x00000000c1800000, 0x00000000c18f4600, 0x00000000c1900000| 95%| O|  |TAMS 0x00000000c18f4600, 0x00000000c18f4600| Untracked 
|   5|0x00000000c1900000, 0x00000000c1a00000, 0x00000000c1a00000|100%| O|  |TAMS 0x00000000c1a00000, 0x00000000c1a00000| Untracked 
|   6|0x00000000c1a00000, 0x00000000c1b00000, 0x00000000c1b00000|100%| O|  |TAMS 0x00000000c1a00000, 0x00000000c1b00000| Untracked 
|   7|0x00000000c1b00000, 0x00000000c1c00000, 0x00000000c1c00000|100%| O|  |TAMS 0x00000000c1c00000, 0x00000000c1c00000| Untracked 
|   8|0x00000000c1c00000, 0x00000000c1d00000, 0x00000000c1d00000|100%| O|  |TAMS 0x00000000c1d00000, 0x00000000c1d00000| Untracked 
|   9|0x00000000c1d00000, 0x00000000c1e00000, 0x00000000c1e00000|100%| O|  |TAMS 0x00000000c1e00000, 0x00000000c1e00000| Untracked 
|  10|0x00000000c1e00000, 0x00000000c1f00000, 0x00000000c1f00000|100%| O|  |TAMS 0x00000000c1f00000, 0x00000000c1f00000| Untracked 
|  11|0x00000000c1f00000, 0x00000000c2000000, 0x00000000c2000000|100%| O|  |TAMS 0x00000000c2000000, 0x00000000c2000000| Untracked 
|  12|0x00000000c2000000, 0x00000000c2100000, 0x00000000c2100000|100%| O|  |TAMS 0x00000000c2100000, 0x00000000c2100000| Untracked 
|  13|0x00000000c2100000, 0x00000000c2200000, 0x00000000c2200000|100%| O|  |TAMS 0x00000000c2200000, 0x00000000c2200000| Untracked 
|  14|0x00000000c2200000, 0x00000000c2300000, 0x00000000c2300000|100%| O|  |TAMS 0x00000000c2300000, 0x00000000c2300000| Untracked 
|  15|0x00000000c2300000, 0x00000000c2400000, 0x00000000c2400000|100%| O|  |TAMS 0x00000000c2400000, 0x00000000c2400000| Untracked 
|  16|0x00000000c2400000, 0x00000000c2500000, 0x00000000c2500000|100%| O|  |TAMS 0x00000000c2500000, 0x00000000c2500000| Untracked 
|  17|0x00000000c2500000, 0x00000000c2600000, 0x00000000c2600000|100%| O|  |TAMS 0x00000000c2600000, 0x00000000c2600000| Untracked 
|  18|0x00000000c2600000, 0x00000000c2700000, 0x00000000c2700000|100%| O|  |TAMS 0x00000000c2700000, 0x00000000c2700000| Untracked 
|  19|0x00000000c2700000, 0x00000000c2800000, 0x00000000c2800000|100%| O|  |TAMS 0x00000000c2800000, 0x00000000c2800000| Untracked 
|  20|0x00000000c2800000, 0x00000000c2900000, 0x00000000c2900000|100%| O|  |TAMS 0x00000000c2847000, 0x00000000c2900000| Untracked 
|  21|0x00000000c2900000, 0x00000000c2a00000, 0x00000000c2a00000|100%|HS|  |TAMS 0x00000000c2900000, 0x00000000c2a00000| Complete 
|  22|0x00000000c2a00000, 0x00000000c2b00000, 0x00000000c2b00000|100%|HC|  |TAMS 0x00000000c2a00000, 0x00000000c2b00000| Complete 
|  23|0x00000000c2b00000, 0x00000000c2c00000, 0x00000000c2c00000|100%| O|  |TAMS 0x00000000c2b00000, 0x00000000c2c00000| Untracked 
|  24|0x00000000c2c00000, 0x00000000c2d00000, 0x00000000c2d00000|100%| O|  |TAMS 0x00000000c2c00000, 0x00000000c2d00000| Untracked 
|  25|0x00000000c2d00000, 0x00000000c2e00000, 0x00000000c2e00000|100%| O|  |TAMS 0x00000000c2d00000, 0x00000000c2e00000| Untracked 
|  26|0x00000000c2e00000, 0x00000000c2f00000, 0x00000000c2f00000|100%| O|  |TAMS 0x00000000c2e00000, 0x00000000c2f00000| Untracked 
|  27|0x00000000c2f00000, 0x00000000c3000000, 0x00000000c3000000|100%| O|  |TAMS 0x00000000c2f00000, 0x00000000c3000000| Untracked 
|  28|0x00000000c3000000, 0x00000000c3100000, 0x00000000c3100000|100%| O|  |TAMS 0x00000000c3000000, 0x00000000c3100000| Untracked 
|  29|0x00000000c3100000, 0x00000000c3200000, 0x00000000c3200000|100%| O|  |TAMS 0x00000000c3100000, 0x00000000c3200000| Untracked 
|  30|0x00000000c3200000, 0x00000000c3300000, 0x00000000c3300000|100%| O|  |TAMS 0x00000000c3200000, 0x00000000c3300000| Untracked 
|  31|0x00000000c3300000, 0x00000000c3400000, 0x00000000c3400000|100%| O|  |TAMS 0x00000000c3300000, 0x00000000c3400000| Untracked 
|  32|0x00000000c3400000, 0x00000000c3500000, 0x00000000c3500000|100%| O|  |TAMS 0x00000000c3400000, 0x00000000c347a000| Untracked 
|  33|0x00000000c3500000, 0x00000000c3600000, 0x00000000c3600000|100%| O|  |TAMS 0x00000000c3500000, 0x00000000c3500000| Untracked 
|  34|0x00000000c3600000, 0x00000000c3700000, 0x00000000c3700000|100%| O|  |TAMS 0x00000000c3600000, 0x00000000c3600000| Untracked 
|  35|0x00000000c3700000, 0x00000000c3800000, 0x00000000c3800000|100%| O|  |TAMS 0x00000000c3700000, 0x00000000c3700000| Untracked 
|  36|0x00000000c3800000, 0x00000000c38a8200, 0x00000000c3900000| 65%| O|  |TAMS 0x00000000c3800000, 0x00000000c3800000| Untracked 
|  37|0x00000000c3900000, 0x00000000c3900000, 0x00000000c3a00000|  0%| F|  |TAMS 0x00000000c3900000, 0x00000000c3900000| Untracked 
|  38|0x00000000c3a00000, 0x00000000c3a00000, 0x00000000c3b00000|  0%| F|  |TAMS 0x00000000c3a00000, 0x00000000c3a00000| Untracked 
|  39|0x00000000c3b00000, 0x00000000c3b00000, 0x00000000c3c00000|  0%| F|  |TAMS 0x00000000c3b00000, 0x00000000c3b00000| Untracked 
|  40|0x00000000c3c00000, 0x00000000c3c00000, 0x00000000c3d00000|  0%| F|  |TAMS 0x00000000c3c00000, 0x00000000c3c00000| Untracked 
|  41|0x00000000c3d00000, 0x00000000c3d00000, 0x00000000c3e00000|  0%| F|  |TAMS 0x00000000c3d00000, 0x00000000c3d00000| Untracked 
|  42|0x00000000c3e00000, 0x00000000c3e00000, 0x00000000c3f00000|  0%| F|  |TAMS 0x00000000c3e00000, 0x00000000c3e00000| Untracked 
|  43|0x00000000c3f00000, 0x00000000c3f00000, 0x00000000c4000000|  0%| F|  |TAMS 0x00000000c3f00000, 0x00000000c3f00000| Untracked 
|  44|0x00000000c4000000, 0x00000000c4000000, 0x00000000c4100000|  0%| F|  |TAMS 0x00000000c4000000, 0x00000000c4000000| Untracked 
|  45|0x00000000c4100000, 0x00000000c4100000, 0x00000000c4200000|  0%| F|  |TAMS 0x00000000c4100000, 0x00000000c4100000| Untracked 
|  46|0x00000000c4200000, 0x00000000c4200000, 0x00000000c4300000|  0%| F|  |TAMS 0x00000000c4200000, 0x00000000c4200000| Untracked 
|  47|0x00000000c4300000, 0x00000000c4300000, 0x00000000c4400000|  0%| F|  |TAMS 0x00000000c4300000, 0x00000000c4300000| Untracked 
|  48|0x00000000c4400000, 0x00000000c4400000, 0x00000000c4500000|  0%| F|  |TAMS 0x00000000c4400000, 0x00000000c4400000| Untracked 
|  49|0x00000000c4500000, 0x00000000c4500000, 0x00000000c4600000|  0%| F|  |TAMS 0x00000000c4500000, 0x00000000c4500000| Untracked 
|  50|0x00000000c4600000, 0x00000000c4600000, 0x00000000c4700000|  0%| F|  |TAMS 0x00000000c4600000, 0x00000000c4600000| Untracked 
|  51|0x00000000c4700000, 0x00000000c4800000, 0x00000000c4800000|100%| S|CS|TAMS 0x00000000c4700000, 0x00000000c4700000| Complete 
|  52|0x00000000c4800000, 0x00000000c4900000, 0x00000000c4900000|100%| S|CS|TAMS 0x00000000c4800000, 0x00000000c4800000| Complete 
|  53|0x00000000c4900000, 0x00000000c4a00000, 0x00000000c4a00000|100%| S|CS|TAMS 0x00000000c4900000, 0x00000000c4900000| Complete 
|  54|0x00000000c4a00000, 0x00000000c4a00000, 0x00000000c4b00000|  0%| F|  |TAMS 0x00000000c4a00000, 0x00000000c4a00000| Untracked 
|  55|0x00000000c4b00000, 0x00000000c4b00000, 0x00000000c4c00000|  0%| F|  |TAMS 0x00000000c4b00000, 0x00000000c4b00000| Untracked 
|  56|0x00000000c4c00000, 0x00000000c4c00000, 0x00000000c4d00000|  0%| F|  |TAMS 0x00000000c4c00000, 0x00000000c4c00000| Untracked 
|  57|0x00000000c4d00000, 0x00000000c4d00000, 0x00000000c4e00000|  0%| F|  |TAMS 0x00000000c4d00000, 0x00000000c4d00000| Untracked 
|  58|0x00000000c4e00000, 0x00000000c4e00000, 0x00000000c4f00000|  0%| F|  |TAMS 0x00000000c4e00000, 0x00000000c4e00000| Untracked 
|  59|0x00000000c4f00000, 0x00000000c4f00000, 0x00000000c5000000|  0%| F|  |TAMS 0x00000000c4f00000, 0x00000000c4f00000| Untracked 
|  60|0x00000000c5000000, 0x00000000c5000000, 0x00000000c5100000|  0%| F|  |TAMS 0x00000000c5000000, 0x00000000c5000000| Untracked 
|  61|0x00000000c5100000, 0x00000000c5100000, 0x00000000c5200000|  0%| F|  |TAMS 0x00000000c5100000, 0x00000000c5100000| Untracked 
|  62|0x00000000c5200000, 0x00000000c5200000, 0x00000000c5300000|  0%| F|  |TAMS 0x00000000c5200000, 0x00000000c5200000| Untracked 
|  63|0x00000000c5300000, 0x00000000c5300000, 0x00000000c5400000|  0%| F|  |TAMS 0x00000000c5300000, 0x00000000c5300000| Untracked 
|  64|0x00000000c5400000, 0x00000000c5400000, 0x00000000c5500000|  0%| F|  |TAMS 0x00000000c5400000, 0x00000000c5400000| Untracked 
|  65|0x00000000c5500000, 0x00000000c5500000, 0x00000000c5600000|  0%| F|  |TAMS 0x00000000c5500000, 0x00000000c5500000| Untracked 
|  66|0x00000000c5600000, 0x00000000c5600000, 0x00000000c5700000|  0%| F|  |TAMS 0x00000000c5600000, 0x00000000c5600000| Untracked 
|  67|0x00000000c5700000, 0x00000000c5700000, 0x00000000c5800000|  0%| F|  |TAMS 0x00000000c5700000, 0x00000000c5700000| Untracked 
|  68|0x00000000c5800000, 0x00000000c5800000, 0x00000000c5900000|  0%| F|  |TAMS 0x00000000c5800000, 0x00000000c5800000| Untracked 
|  69|0x00000000c5900000, 0x00000000c5900000, 0x00000000c5a00000|  0%| F|  |TAMS 0x00000000c5900000, 0x00000000c5900000| Untracked 
|  70|0x00000000c5a00000, 0x00000000c5a00000, 0x00000000c5b00000|  0%| F|  |TAMS 0x00000000c5a00000, 0x00000000c5a00000| Untracked 
|  71|0x00000000c5b00000, 0x00000000c5b00000, 0x00000000c5c00000|  0%| F|  |TAMS 0x00000000c5b00000, 0x00000000c5b00000| Untracked 

Card table byte_map: [0x00000241767a0000,0x00000241769a0000] _byte_map_base: 0x0000024176196000

Marking Bits (Prev, Next): (CMBitMap*) 0x00000241640f4470, (CMBitMap*) 0x00000241640f4430
 Prev Bits: [0x0000024177b50000, 0x0000024178b00000)
 Next Bits: [0x0000024176ba0000, 0x0000024177b50000)

Polling page: 0x00000241620a0000

Metaspace:

Usage:
  Non-class:     46.23 MB used.
      Class:      6.22 MB used.
       Both:     52.45 MB used.

Virtual space:
  Non-class space:       64.00 MB reserved,      46.38 MB ( 72%) committed,  1 nodes.
      Class space:        1.00 GB reserved,       6.31 MB ( <1%) committed,  1 nodes.
             Both:        1.06 GB reserved,      52.69 MB (  5%) committed. 

Chunk freelists:
   Non-Class:  800.00 KB
       Class:  9.64 MB
        Both:  10.42 MB

MaxMetaspaceSize: unlimited
CompressedClassSpaceSize: 1.00 GB
Initial GC threshold: 21.00 MB
Current GC threshold: 74.81 MB
CDS: off
MetaspaceReclaimPolicy: balanced
 - commit_granule_bytes: 65536.
 - commit_granule_words: 8192.
 - virtual_space_node_default_size: 8388608.
 - enlarge_chunks_in_place: 1.
 - new_chunks_are_fully_committed: 0.
 - uncommit_free_chunks: 1.
 - use_allocation_guard: 0.
 - handle_deallocations: 1.


Internal statistics:

num_allocs_failed_limit: 3.
num_arena_births: 208.
num_arena_deaths: 0.
num_vsnodes_births: 2.
num_vsnodes_deaths: 0.
num_space_committed: 841.
num_space_uncommitted: 0.
num_chunks_returned_to_freelist: 3.
num_chunks_taken_from_freelist: 1808.
num_chunk_merges: 3.
num_chunk_splits: 1485.
num_chunks_enlarged: 1344.
num_inconsistent_stats: 0.

CodeHeap 'non-profiled nmethods': size=120000Kb used=2127Kb max_used=2127Kb free=117872Kb
 bounds [0x000002416f070000, 0x000002416f2e0000, 0x00000241765a0000]
CodeHeap 'profiled nmethods': size=120000Kb used=13086Kb max_used=13086Kb free=106913Kb
 bounds [0x00000241675a0000, 0x0000024168270000, 0x000002416ead0000]
CodeHeap 'non-nmethods': size=5760Kb used=1285Kb max_used=1337Kb free=4474Kb
 bounds [0x000002416ead0000, 0x000002416ed40000, 0x000002416f070000]
 total_blobs=5968 nmethods=5370 adapters=509
 compilation: enabled
              stopped_count=0, restarted_count=0
 full_count=0

Compilation events (20 events):
Event: 13.965 Thread 0x000002417aff41c0 nmethod 5407 0x000002416f281790 code [0x000002416f281900, 0x000002416f281998]
Event: 13.965 Thread 0x000002417aff41c0 5422       4       org.jetbrains.kotlin.com.intellij.psi.impl.source.tree.LeafPsiElement::getPsi (2 bytes)
Event: 13.965 Thread 0x000002417aff41c0 nmethod 5422 0x000002416f281a90 code [0x000002416f281c00, 0x000002416f281c78]
Event: 13.967 Thread 0x000002417affff80 5429       3       jdk.internal.org.objectweb.asm.Type::getTypeInternal (199 bytes)
Event: 13.969 Thread 0x000002417affff80 nmethod 5429 0x0000024168264510 code [0x00000241682647c0, 0x0000024168265668]
Event: 13.969 Thread 0x000002417aff41c0 5432       4       jdk.internal.org.objectweb.asm.ByteVector::put12 (64 bytes)
Event: 13.972 Thread 0x000002417aff41c0 nmethod 5432 0x000002416f282990 code [0x000002416f282b20, 0x000002416f282ce8]
Event: 13.972 Thread 0x000002417aff41c0 5433       4       org.jetbrains.kotlin.types.model.TypeSystemContext::typeConstructor (32 bytes)
Event: 13.973 Thread 0x000002417aff41c0 nmethod 5433 0x000002416f282e10 code [0x000002416f282fa0, 0x000002416f283098]
Event: 13.975 Thread 0x000002417affff80 5434       3       org.jetbrains.kotlin.resolve.calls.inference.model.NewConstraintSystemImpl::checkState (35 bytes)
Event: 13.975 Thread 0x000002417affff80 nmethod 5434 0x0000024168265a90 code [0x0000024168265c60, 0x0000024168266308]
Event: 13.975 Thread 0x000002417affff80 5435       1       kotlin.collections.builders.MapBuilder::getSize (5 bytes)
Event: 13.976 Thread 0x000002417affff80 nmethod 5435 0x000002416f283210 code [0x000002416f2833a0, 0x000002416f283478]
Event: 13.978 Thread 0x000002417aff41c0 5436       4       org.jetbrains.kotlin.types.checker.ClassicTypeSystemContext$DefaultImpls::lowerBound (78 bytes)
Event: 13.978 Thread 0x000002417affff80 5437       1       org.jetbrains.kotlin.resolve.calls.inference.model.MutableConstraintStorage::getNotFixedTypeVariables (5 bytes)
Event: 13.978 Thread 0x000002417affff80 nmethod 5437 0x000002416f283510 code [0x000002416f2836a0, 0x000002416f283778]
Event: 13.979 Thread 0x000002417aff41c0 nmethod 5436 0x000002416f283810 code [0x000002416f283980, 0x000002416f283a38]
Event: 13.981 Thread 0x000002417affff80 5438       1       kotlin.collections.builders.MapBuilder::access$getLength$p (5 bytes)
Event: 13.981 Thread 0x000002417affff80 nmethod 5438 0x000002416f283b10 code [0x000002416f283ca0, 0x000002416f283d58]
Event: 13.986 Thread 0x000002417affff80 5439       3       org.jetbrains.kotlin.types.SpecialTypesKt::getAbbreviation (23 bytes)

GC Heap History (20 events):
Event: 7.002 GC heap after
{Heap after GC invocations=10 (full 0):
 garbage-first heap   total 46080K, used 19770K [0x00000000c1400000, 0x0000000100000000)
  region size 1024K, 2 young (2048K), 2 survivors (2048K)
 Metaspace       used 35871K, committed 36096K, reserved 1114112K
  class space    used 4570K, committed 4672K, reserved 1048576K
}
Event: 7.032 GC heap before
{Heap before GC invocations=10 (full 0):
 garbage-first heap   total 46080K, used 19770K [0x00000000c1400000, 0x0000000100000000)
  region size 1024K, 3 young (3072K), 2 survivors (2048K)
 Metaspace       used 36058K, committed 36352K, reserved 1114112K
  class space    used 4595K, committed 4736K, reserved 1048576K
}
Event: 7.037 GC heap after
{Heap after GC invocations=11 (full 0):
 garbage-first heap   total 46080K, used 19553K [0x00000000c1400000, 0x0000000100000000)
  region size 1024K, 1 young (1024K), 1 survivors (1024K)
 Metaspace       used 36058K, committed 36352K, reserved 1114112K
  class space    used 4595K, committed 4736K, reserved 1048576K
}
Event: 7.733 GC heap before
{Heap before GC invocations=11 (full 0):
 garbage-first heap   total 46080K, used 32865K [0x00000000c1400000, 0x0000000100000000)
  region size 1024K, 15 young (15360K), 1 survivors (1024K)
 Metaspace       used 39010K, committed 39232K, reserved 1114112K
  class space    used 4841K, committed 4928K, reserved 1048576K
}
Event: 7.738 GC heap after
{Heap after GC invocations=12 (full 0):
 garbage-first heap   total 46080K, used 20685K [0x00000000c1400000, 0x0000000100000000)
  region size 1024K, 2 young (2048K), 2 survivors (2048K)
 Metaspace       used 39010K, committed 39232K, reserved 1114112K
  class space    used 4841K, committed 4928K, reserved 1048576K
}
Event: 8.478 GC heap before
{Heap before GC invocations=12 (full 0):
 garbage-first heap   total 46080K, used 33997K [0x00000000c1400000, 0x0000000100000000)
  region size 1024K, 15 young (15360K), 2 survivors (2048K)
 Metaspace       used 41772K, committed 41984K, reserved 1114112K
  class space    used 5128K, committed 5248K, reserved 1048576K
}
Event: 8.487 GC heap after
{Heap after GC invocations=13 (full 0):
 garbage-first heap   total 46080K, used 21861K [0x00000000c1400000, 0x0000000100000000)
  region size 1024K, 2 young (2048K), 2 survivors (2048K)
 Metaspace       used 41772K, committed 41984K, reserved 1114112K
  class space    used 5128K, committed 5248K, reserved 1048576K
}
Event: 9.551 GC heap before
{Heap before GC invocations=13 (full 0):
 garbage-first heap   total 46080K, used 34149K [0x00000000c1400000, 0x0000000100000000)
  region size 1024K, 14 young (14336K), 2 survivors (2048K)
 Metaspace       used 45497K, committed 45760K, reserved 1114112K
  class space    used 5571K, committed 5696K, reserved 1048576K
}
Event: 9.562 GC heap after
{Heap after GC invocations=14 (full 0):
 garbage-first heap   total 46080K, used 22652K [0x00000000c1400000, 0x0000000100000000)
  region size 1024K, 2 young (2048K), 2 survivors (2048K)
 Metaspace       used 45497K, committed 45760K, reserved 1114112K
  class space    used 5571K, committed 5696K, reserved 1048576K
}
Event: 10.094 GC heap before
{Heap before GC invocations=15 (full 0):
 garbage-first heap   total 46080K, used 36988K [0x00000000c1400000, 0x0000000100000000)
  region size 1024K, 14 young (14336K), 2 survivors (2048K)
 Metaspace       used 46971K, committed 47168K, reserved 1114112K
  class space    used 5746K, committed 5824K, reserved 1048576K
}
Event: 10.105 GC heap after
{Heap after GC invocations=16 (full 0):
 garbage-first heap   total 46080K, used 27056K [0x00000000c1400000, 0x0000000100000000)
  region size 1024K, 2 young (2048K), 2 survivors (2048K)
 Metaspace       used 46971K, committed 47168K, reserved 1114112K
  class space    used 5746K, committed 5824K, reserved 1048576K
}
Event: 10.125 GC heap before
{Heap before GC invocations=16 (full 0):
 garbage-first heap   total 46080K, used 29104K [0x00000000c1400000, 0x0000000100000000)
  region size 1024K, 3 young (3072K), 2 survivors (2048K)
 Metaspace       used 46974K, committed 47168K, reserved 1114112K
  class space    used 5746K, committed 5824K, reserved 1048576K
}
Event: 10.137 GC heap after
{Heap after GC invocations=17 (full 0):
 garbage-first heap   total 73728K, used 26956K [0x00000000c1400000, 0x0000000100000000)
  region size 1024K, 1 young (1024K), 1 survivors (1024K)
 Metaspace       used 46974K, committed 47168K, reserved 1114112K
  class space    used 5746K, committed 5824K, reserved 1048576K
}
Event: 10.693 GC heap before
{Heap before GC invocations=17 (full 0):
 garbage-first heap   total 73728K, used 54604K [0x00000000c1400000, 0x0000000100000000)
  region size 1024K, 28 young (28672K), 1 survivors (1024K)
 Metaspace       used 48550K, committed 48704K, reserved 1114112K
  class space    used 5928K, committed 6016K, reserved 1048576K
}
Event: 10.701 GC heap after
{Heap after GC invocations=18 (full 0):
 garbage-first heap   total 73728K, used 27933K [0x00000000c1400000, 0x0000000100000000)
  region size 1024K, 2 young (2048K), 2 survivors (2048K)
 Metaspace       used 48550K, committed 48704K, reserved 1114112K
  class space    used 5928K, committed 6016K, reserved 1048576K
}
Event: 12.313 GC heap before
{Heap before GC invocations=18 (full 0):
 garbage-first heap   total 73728K, used 55581K [0x00000000c1400000, 0x0000000100000000)
  region size 1024K, 29 young (29696K), 2 survivors (2048K)
 Metaspace       used 52469K, committed 52736K, reserved 1114112K
  class space    used 6284K, committed 6400K, reserved 1048576K
}
Event: 12.336 GC heap after
{Heap after GC invocations=19 (full 0):
 garbage-first heap   total 73728K, used 32982K [0x00000000c1400000, 0x0000000100000000)
  region size 1024K, 4 young (4096K), 4 survivors (4096K)
 Metaspace       used 52469K, committed 52736K, reserved 1114112K
  class space    used 6284K, committed 6400K, reserved 1048576K
}
Event: 13.414 GC heap before
{Heap before GC invocations=19 (full 0):
 garbage-first heap   total 73728K, used 55510K [0x00000000c1400000, 0x0000000100000000)
  region size 1024K, 26 young (26624K), 4 survivors (4096K)
 Metaspace       used 52999K, committed 53248K, reserved 1114112K
  class space    used 6293K, committed 6400K, reserved 1048576K
}
Event: 13.436 GC heap after
{Heap after GC invocations=20 (full 0):
 garbage-first heap   total 73728K, used 37305K [0x00000000c1400000, 0x0000000100000000)
  region size 1024K, 4 young (4096K), 4 survivors (4096K)
 Metaspace       used 52999K, committed 53248K, reserved 1114112K
  class space    used 6293K, committed 6400K, reserved 1048576K
}
Event: 13.987 GC heap before
{Heap before GC invocations=20 (full 0):
 garbage-first heap   total 73728K, used 55737K [0x00000000c1400000, 0x0000000100000000)
  region size 1024K, 22 young (22528K), 4 survivors (4096K)
 Metaspace       used 53712K, committed 53952K, reserved 1114112K
  class space    used 6372K, committed 6464K, reserved 1048576K
}

Dll operation events (2 events):
Event: 0.033 Loaded shared library C:\Program Files\Android\Android Studio\jbr\bin\java.dll
Event: 4.391 Loaded shared library C:\Program Files\Android\Android Studio\jbr\bin\verify.dll

Deoptimization events (20 events):
Event: 13.564 Thread 0x00000241640bb460 Uncommon trap: trap_request=0xffffff45 fr.pc=0x000002416f1c9b6c relative=0x0000000000000b8c
Event: 13.564 Thread 0x00000241640bb460 Uncommon trap: reason=unstable_if action=reinterpret pc=0x000002416f1c9b6c method=org.jetbrains.kotlin.metadata.ProtoBuf$Type.getSerializedSize()I @ 176 c2
Event: 13.564 Thread 0x00000241640bb460 DEOPT PACKING pc=0x000002416f1c9b6c sp=0x000000f1ad8fb650
Event: 13.564 Thread 0x00000241640bb460 DEOPT UNPACKING pc=0x000002416eb269a3 sp=0x000000f1ad8fb620 mode 2
Event: 13.949 Thread 0x00000241640bb460 Uncommon trap: trap_request=0xffffffc6 fr.pc=0x000002416f2776a0 relative=0x00000000000003c0
Event: 13.949 Thread 0x00000241640bb460 Uncommon trap: reason=bimorphic_or_optimized_type_check action=maybe_recompile pc=0x000002416f2776a0 method=org.jetbrains.kotlin.types.model.TypeSystemContext.lowerBoundIfFlexible(Lorg/jetbrains/kotlin/types/model/KotlinTypeMarker;)Lorg/jetbrains/kotlin/t
Event: 13.949 Thread 0x00000241640bb460 DEOPT PACKING pc=0x000002416f2776a0 sp=0x000000f1ad8fd030
Event: 13.949 Thread 0x00000241640bb460 DEOPT UNPACKING pc=0x000002416eb269a3 sp=0x000000f1ad8fcfd8 mode 2
Event: 13.950 Thread 0x00000241640bb460 Uncommon trap: trap_request=0xffffffc6 fr.pc=0x000002416f2776a0 relative=0x00000000000003c0
Event: 13.950 Thread 0x00000241640bb460 Uncommon trap: reason=bimorphic_or_optimized_type_check action=maybe_recompile pc=0x000002416f2776a0 method=org.jetbrains.kotlin.types.model.TypeSystemContext.lowerBoundIfFlexible(Lorg/jetbrains/kotlin/types/model/KotlinTypeMarker;)Lorg/jetbrains/kotlin/t
Event: 13.950 Thread 0x00000241640bb460 DEOPT PACKING pc=0x000002416f2776a0 sp=0x000000f1ad8fcdf0
Event: 13.950 Thread 0x00000241640bb460 DEOPT UNPACKING pc=0x000002416eb269a3 sp=0x000000f1ad8fcd98 mode 2
Event: 13.955 Thread 0x00000241640bb460 Uncommon trap: trap_request=0xffffffc6 fr.pc=0x000002416f2776a0 relative=0x00000000000003c0
Event: 13.955 Thread 0x00000241640bb460 Uncommon trap: reason=bimorphic_or_optimized_type_check action=maybe_recompile pc=0x000002416f2776a0 method=org.jetbrains.kotlin.types.model.TypeSystemContext.lowerBoundIfFlexible(Lorg/jetbrains/kotlin/types/model/KotlinTypeMarker;)Lorg/jetbrains/kotlin/t
Event: 13.955 Thread 0x00000241640bb460 DEOPT PACKING pc=0x000002416f2776a0 sp=0x000000f1ad8fcf70
Event: 13.955 Thread 0x00000241640bb460 DEOPT UNPACKING pc=0x000002416eb269a3 sp=0x000000f1ad8fcf08 mode 2
Event: 13.955 Thread 0x00000241640bb460 Uncommon trap: trap_request=0xffffffc6 fr.pc=0x000002416f2776a0 relative=0x00000000000003c0
Event: 13.955 Thread 0x00000241640bb460 Uncommon trap: reason=bimorphic_or_optimized_type_check action=maybe_recompile pc=0x000002416f2776a0 method=org.jetbrains.kotlin.types.model.TypeSystemContext.lowerBoundIfFlexible(Lorg/jetbrains/kotlin/types/model/KotlinTypeMarker;)Lorg/jetbrains/kotlin/t
Event: 13.955 Thread 0x00000241640bb460 DEOPT PACKING pc=0x000002416f2776a0 sp=0x000000f1ad8fcf00
Event: 13.955 Thread 0x00000241640bb460 DEOPT UNPACKING pc=0x000002416eb269a3 sp=0x000000f1ad8fce98 mode 2

Classes unloaded (0 events):
No events

Classes redefined (0 events):
No events

Internal exceptions (20 events):
Event: 3.336 Thread 0x00000241640bb460 Exception <a 'java/lang/NoSuchMethodError'{0x00000000c31ce508}: 'int java.lang.invoke.DirectMethodHandle$Holder.invokeStaticInit(java.lang.Object, java.lang.Object)'> (0x00000000c31ce508) 
thrown [s\src\hotspot\share\interpreter\linkResolver.cpp, line 771]
Event: 3.386 Thread 0x00000241640bb460 Exception <a 'java/lang/NoSuchMethodError'{0x00000000c30ad280}: 'void java.lang.invoke.DirectMethodHandle$Holder.invokeSpecial(java.lang.Object, java.lang.Object, java.lang.Object)'> (0x00000000c30ad280) 
thrown [s\src\hotspot\share\interpreter\linkResolver.cpp, line 771]
Event: 3.553 Thread 0x00000241640bb460 Exception <a 'java/lang/NoSuchMethodError'{0x00000000c2dd19d0}: 'void java.lang.invoke.DirectMethodHandle$Holder.invokeStatic(java.lang.Object, java.lang.Object, java.lang.Object, java.lang.Object)'> (0x00000000c2dd19d0) 
thrown [s\src\hotspot\share\interpreter\linkResolver.cpp, line 771]
Event: 4.238 Thread 0x00000241640bb460 Exception <a 'java/lang/NoSuchMethodError'{0x00000000c29908e0}: 'void java.lang.invoke.DirectMethodHandle$Holder.invokeStaticInit(java.lang.Object, java.lang.Object)'> (0x00000000c29908e0) 
thrown [s\src\hotspot\share\interpreter\linkResolver.cpp, line 771]
Event: 4.701 Thread 0x00000241640bb460 Exception <a 'java/lang/NoSuchMethodError'{0x00000000c231c968}: 'void java.lang.invoke.DirectMethodHandle$Holder.invokeVirtual(java.lang.Object, java.lang.Object)'> (0x00000000c231c968) 
thrown [s\src\hotspot\share\interpreter\linkResolver.cpp, line 771]
Event: 4.717 Thread 0x00000241640bb460 Exception <a 'java/lang/NoSuchMethodError'{0x00000000c2367a18}: 'int java.lang.invoke.DirectMethodHandle$Holder.invokeVirtual(java.lang.Object, java.lang.Object)'> (0x00000000c2367a18) 
thrown [s\src\hotspot\share\interpreter\linkResolver.cpp, line 771]
Event: 4.752 Thread 0x00000241640bb460 Exception <a 'java/lang/NoSuchMethodError'{0x00000000c23ff398}: 'java.lang.Object java.lang.invoke.Invokers$Holder.invokeExact_MT(java.lang.Object, java.lang.Object, java.lang.Object, java.lang.Object, java.lang.Object, java.lang.Object)'> (0x00000000c23ff398) 
thrown [s\src\hotspot\share\interpreter\linkResolver.cpp, line 771]
Event: 6.067 Thread 0x00000241640bb460 Implicit null exception at 0x000002416f0894f2 to 0x000002416f089b0c
Event: 6.390 Thread 0x00000241640bb460 Implicit null exception at 0x000002416f08a672 to 0x000002416f08acac
Event: 6.581 Thread 0x00000241640bb460 Exception <a 'java/lang/NoSuchMethodError'{0x00000000c3f552b0}: 'java.lang.Object java.lang.invoke.DirectMethodHandle$Holder.invokeVirtual(java.lang.Object, java.lang.Object, java.lang.Object)'> (0x00000000c3f552b0) 
thrown [s\src\hotspot\share\interpreter\linkResolver.cpp, line 771]
Event: 8.608 Thread 0x00000241640bb460 Exception <a 'java/lang/NoSuchMethodError'{0x00000000c3ffed30}: 'java.lang.Object java.lang.invoke.DirectMethodHandle$Holder.newInvokeSpecial(java.lang.Object, java.lang.Object, int)'> (0x00000000c3ffed30) 
thrown [s\src\hotspot\share\interpreter\linkResolver.cpp, line 771]
Event: 8.906 Thread 0x00000241640bb460 Exception <a 'java/lang/NoSuchMethodError'{0x00000000c3b3fd20}: 'java.lang.Object java.lang.invoke.DirectMethodHandle$Holder.newInvokeSpecial(java.lang.Object, java.lang.Object, java.lang.Object, int)'> (0x00000000c3b3fd20) 
thrown [s\src\hotspot\share\interpreter\linkResolver.cpp, line 771]
Event: 8.907 Thread 0x00000241640bb460 Exception <a 'java/lang/NoSuchMethodError'{0x00000000c3b443a8}: 'java.lang.Object java.lang.invoke.DirectMethodHandle$Holder.invokeSpecial(java.lang.Object, java.lang.Object, java.lang.Object, java.lang.Object, int)'> (0x00000000c3b443a8) 
thrown [s\src\hotspot\share\interpreter\linkResolver.cpp, line 771]
Event: 8.908 Thread 0x00000241640bb460 Exception <a 'java/lang/NoSuchMethodError'{0x00000000c3b48218}: 'java.lang.Object java.lang.invoke.Invokers$Holder.linkToTargetMethod(java.lang.Object, java.lang.Object, int, java.lang.Object)'> (0x00000000c3b48218) 
thrown [s\src\hotspot\share\interpreter\linkResolver.cpp, line 771]
Event: 11.544 Thread 0x00000241640bb460 Exception <a 'java/lang/NoSuchMethodError'{0x00000000c4a20df8}: 'java.lang.Object java.lang.invoke.DirectMethodHandle$Holder.newInvokeSpecial(java.lang.Object, java.lang.Object, java.lang.Object, java.lang.Object, java.lang.Object, java.lang.Object)'> (0x00000000c4a20df8) 
thrown [s\src\hotspot\share\interpreter\linkResolver.cpp, line 771]
Event: 11.783 Thread 0x00000241640bb460 Exception <a 'java/lang/NoSuchMethodError'{0x00000000c48f7f50}: 'int java.lang.invoke.DirectMethodHandle$Holder.invokeInterface(java.lang.Object, java.lang.Object)'> (0x00000000c48f7f50) 
thrown [s\src\hotspot\share\interpreter\linkResolver.cpp, line 771]
Event: 12.085 Thread 0x00000241640bb460 Exception <a 'java/lang/NoSuchMethodError'{0x00000000c44d1250}: 'java.lang.Object java.lang.invoke.DirectMethodHandle$Holder.invokeStaticInit(java.lang.Object, java.lang.Object, java.lang.Object)'> (0x00000000c44d1250) 
thrown [s\src\hotspot\share\interpreter\linkResolver.cpp, line 771]
Event: 13.316 Thread 0x00000241640bb460 Implicit null exception at 0x000002416f0bb1f1 to 0x000002416f0bb3f0
Event: 13.316 Thread 0x00000241640bb460 Implicit null exception at 0x000002416f0cb90f to 0x000002416f0cb989
Event: 13.553 Thread 0x00000241640bb460 Exception <a 'java/lang/NoSuchMethodError'{0x00000000c587e430}: 'java.lang.Object java.lang.invoke.DirectMethodHandle$Holder.newInvokeSpecial(java.lang.Object, int, java.lang.Object)'> (0x00000000c587e430) 
thrown [s\src\hotspot\share\interpreter\linkResolver.cpp, line 771]

VM Operations (20 events):
Event: 12.828 Executing VM operation: HandshakeAllThreads done
Event: 12.918 Executing VM operation: ICBufferFull
Event: 12.919 Executing VM operation: ICBufferFull done
Event: 13.287 Executing VM operation: ICBufferFull
Event: 13.287 Executing VM operation: ICBufferFull done
Event: 13.414 Executing VM operation: G1CollectForAllocation
Event: 13.436 Executing VM operation: G1CollectForAllocation done
Event: 13.532 Executing VM operation: HandshakeAllThreads
Event: 13.532 Executing VM operation: HandshakeAllThreads done
Event: 13.547 Executing VM operation: ICBufferFull
Event: 13.547 Executing VM operation: ICBufferFull done
Event: 13.848 Executing VM operation: HandshakeAllThreads
Event: 13.848 Executing VM operation: HandshakeAllThreads done
Event: 13.870 Executing VM operation: HandshakeAllThreads
Event: 13.870 Executing VM operation: HandshakeAllThreads done
Event: 13.913 Executing VM operation: ICBufferFull
Event: 13.913 Executing VM operation: ICBufferFull done
Event: 13.983 Executing VM operation: HandshakeAllThreads
Event: 13.983 Executing VM operation: HandshakeAllThreads done
Event: 13.987 Executing VM operation: G1CollectForAllocation

Events (20 events):
Event: 10.412 loading class java/util/stream/IntPipeline$1
Event: 10.413 loading class java/util/stream/IntPipeline$1 done
Event: 10.413 loading class java/util/stream/ReferencePipeline$2
Event: 10.413 loading class java/util/stream/ReferencePipeline$2 done
Event: 10.415 loading class java/util/stream/ReferencePipeline$2$1
Event: 10.416 loading class java/util/stream/ReferencePipeline$2$1 done
Event: 10.416 loading class java/util/stream/IntPipeline$1$1
Event: 10.416 loading class java/util/stream/Sink$ChainedInt
Event: 10.416 loading class java/util/stream/Sink$OfInt
Event: 10.416 loading class java/util/function/IntConsumer
Event: 10.416 loading class java/util/function/IntConsumer done
Event: 10.417 loading class java/util/stream/Sink$OfInt done
Event: 10.417 loading class java/util/stream/Sink$ChainedInt done
Event: 10.417 loading class java/util/stream/IntPipeline$1$1 done
Event: 10.951 loading class java/util/Collections$SingletonMap
Event: 10.951 loading class java/util/Collections$SingletonMap done
Event: 11.554 loading class java/util/RegularEnumSet$EnumSetIterator
Event: 11.554 loading class java/util/RegularEnumSet$EnumSetIterator done
Event: 12.082 loading class java/security/CodeSigner
Event: 12.082 loading class java/security/CodeSigner done


Dynamic libraries:
0x00007ff6b8460000 - 0x00007ff6b846a000 	C:\Program Files\Android\Android Studio\jbr\bin\java.exe
0x00007fff61a90000 - 0x00007fff61c88000 	C:\WINDOWS\SYSTEM32\ntdll.dll
0x00007fff60510000 - 0x00007fff605cd000 	C:\WINDOWS\System32\KERNEL32.DLL
0x00007fff5f1a0000 - 0x00007fff5f496000 	C:\WINDOWS\System32\KERNELBASE.dll
0x00007fff5f790000 - 0x00007fff5f890000 	C:\WINDOWS\System32\ucrtbase.dll
0x00007fff50110000 - 0x00007fff50127000 	C:\Program Files\Android\Android Studio\jbr\bin\jli.dll
0x00007fff4f760000 - 0x00007fff4f77b000 	C:\Program Files\Android\Android Studio\jbr\bin\VCRUNTIME140.dll
0x00007fff5faf0000 - 0x00007fff5fc8e000 	C:\WINDOWS\System32\USER32.dll
0x00007fff5f170000 - 0x00007fff5f192000 	C:\WINDOWS\System32\win32u.dll
0x00007fff61310000 - 0x00007fff6133c000 	C:\WINDOWS\System32\GDI32.dll
0x00007fff5f5b0000 - 0x00007fff5f6ca000 	C:\WINDOWS\System32\gdi32full.dll
0x00007fff4cee0000 - 0x00007fff4d17a000 	C:\WINDOWS\WinSxS\amd64_microsoft.windows.common-controls_6595b64144ccf1df_6.0.19041.3636_none_60b6a03d71f818d5\COMCTL32.dll
0x00007fff5f4a0000 - 0x00007fff5f53d000 	C:\WINDOWS\System32\msvcp_win.dll
0x00007fff60110000 - 0x00007fff601ae000 	C:\WINDOWS\System32\msvcrt.dll
0x00007fff605e0000 - 0x00007fff60610000 	C:\WINDOWS\System32\IMM32.DLL
0x00007fff502e0000 - 0x00007fff502ec000 	C:\Program Files\Android\Android Studio\jbr\bin\vcruntime140_1.dll
0x00007fff2d340000 - 0x00007fff2d3cd000 	C:\Program Files\Android\Android Studio\jbr\bin\msvcp140.dll
0x00007fff22710000 - 0x00007fff23390000 	C:\Program Files\Android\Android Studio\jbr\bin\server\jvm.dll
0x00007fff619a0000 - 0x00007fff61a4f000 	C:\WINDOWS\System32\ADVAPI32.dll
0x00007fff61640000 - 0x00007fff616dc000 	C:\WINDOWS\System32\sechost.dll
0x00007fff60f70000 - 0x00007fff61096000 	C:\WINDOWS\System32\RPCRT4.dll
0x00007fff42df0000 - 0x00007fff42df9000 	C:\WINDOWS\SYSTEM32\WSOCK32.dll
0x00007fff615d0000 - 0x00007fff6163b000 	C:\WINDOWS\System32\WS2_32.dll
0x00007fff502c0000 - 0x00007fff502ca000 	C:\WINDOWS\SYSTEM32\VERSION.dll
0x00007fff43bc0000 - 0x00007fff43be7000 	C:\WINDOWS\SYSTEM32\WINMM.dll
0x00007fff5d980000 - 0x00007fff5d992000 	C:\WINDOWS\SYSTEM32\kernel.appcore.dll
0x00007fff5bfb0000 - 0x00007fff5bfba000 	C:\Program Files\Android\Android Studio\jbr\bin\jimage.dll
0x00007fff5d690000 - 0x00007fff5d874000 	C:\WINDOWS\SYSTEM32\DBGHELP.DLL
0x00007fff48130000 - 0x00007fff48164000 	C:\WINDOWS\SYSTEM32\dbgcore.DLL
0x00007fff5f6d0000 - 0x00007fff5f752000 	C:\WINDOWS\System32\bcryptPrimitives.dll
0x00007fff5a1c0000 - 0x00007fff5a1e5000 	C:\Program Files\Android\Android Studio\jbr\bin\java.dll
0x00007fff56110000 - 0x00007fff56128000 	C:\Program Files\Android\Android Studio\jbr\bin\zip.dll
0x00007fff60820000 - 0x00007fff60f64000 	C:\WINDOWS\System32\SHELL32.dll
0x00007fff5ce20000 - 0x00007fff5d5bb000 	C:\WINDOWS\SYSTEM32\windows.storage.dll
0x00007fff601b0000 - 0x00007fff60504000 	C:\WINDOWS\System32\combase.dll
0x00007fff5ea00000 - 0x00007fff5ea2d000 	C:\WINDOWS\SYSTEM32\Wldp.dll
0x00007fff610a0000 - 0x00007fff6114d000 	C:\WINDOWS\System32\SHCORE.dll
0x00007fff616e0000 - 0x00007fff61735000 	C:\WINDOWS\System32\shlwapi.dll
0x00007fff5f0a0000 - 0x00007fff5f0c5000 	C:\WINDOWS\SYSTEM32\profapi.dll
0x00007fff55ea0000 - 0x00007fff55eb9000 	C:\Program Files\Android\Android Studio\jbr\bin\net.dll
0x00007fff59640000 - 0x00007fff5974a000 	C:\WINDOWS\SYSTEM32\WINHTTP.dll
0x00007fff5e7e0000 - 0x00007fff5e84a000 	C:\WINDOWS\system32\mswsock.dll
0x00007fff50940000 - 0x00007fff50956000 	C:\Program Files\Android\Android Studio\jbr\bin\nio.dll
0x00007fff57f70000 - 0x00007fff57f80000 	C:\Program Files\Android\Android Studio\jbr\bin\verify.dll

dbghelp: loaded successfully - version: 4.0.5 - missing functions: none
symbol engine: initialized successfully - sym options: 0x614 - pdb path: .;C:\Program Files\Android\Android Studio\jbr\bin;C:\WINDOWS\SYSTEM32;C:\WINDOWS\WinSxS\amd64_microsoft.windows.common-controls_6595b64144ccf1df_6.0.19041.3636_none_60b6a03d71f818d5;C:\Program Files\Android\Android Studio\jbr\bin\server

VM Arguments:
java_command: org.jetbrains.kotlin.cli.jvm.K2JVMCompiler @C:\Users\User\AndroidStudioProjects\GiphySearchApp\app\build\20231228_18323164981492159235.compiler.options
java_class_path (initial): C:\Users\User\.gradle\caches\modules-2\files-2.1\org.jetbrains.kotlin\kotlin-compiler-embeddable\1.9.0\2c8c3a7402becca891f12739b3e9fd2dc2adbd7a\kotlin-compiler-embeddable-1.9.0.jar;C:\Users\User\.gradle\caches\modules-2\files-2.1\org.jetbrains.kotlin\kotlin-stdlib\1.9.0\8ee15ef0c67dc83d874f412d84378d7f0eb50b63\kotlin-stdlib-1.9.0.jar;C:\Users\User\.gradle\caches\modules-2\files-2.1\org.jetbrains.kotlin\kotlin-script-runtime\1.9.0\4b3102cbbb7e1b58d9d1adf89563f00069ffa7d1\kotlin-script-runtime-1.9.0.jar;C:\Users\User\.gradle\caches\modules-2\files-2.1\org.jetbrains.kotlin\kotlin-reflect\1.6.10\1cbe9c92c12a94eea200d23c2bbaedaf3daf5132\kotlin-reflect-1.6.10.jar;C:\Users\User\.gradle\caches\modules-2\files-2.1\org.jetbrains.kotlin\kotlin-daemon-embeddable\1.9.0\186543f5e28cf8d9a0290fecc2cf34301c40a65c\kotlin-daemon-embeddable-1.9.0.jar;C:\Users\User\.gradle\caches\modules-2\files-2.1\org.jetbrains.intellij.deps\trove4j\1.0.20200330\3afb14d5f9ceb459d724e907a21145e8ff394f02\trove4j-1.0.20200330.jar;C:\Users\User\.gradle\caches\modules-2\files-2.1\org.jetbrains.kotlin\kotlin-stdlib-common\1.9.0\cd65c21cfd1eec4d44ef09f9f52b6d9f8a720636\kotlin-stdlib-common-1.9.0.jar;C:\Users\User\.gradle\caches\modules-2\files-2.1\org.jetbrains\annotations\13.0\919f0dfe192fb4e063e7dacadee7f8bb9a2672a9\annotations-13.0.jar
Launcher Type: SUN_STANDARD

[Global flags]
     intx CICompilerCount                          = 3                                         {product} {ergonomic}
     uint ConcGCThreads                            = 1                                         {product} {ergonomic}
     uint G1ConcRefinementThreads                  = 4                                         {product} {ergonomic}
   size_t G1HeapRegionSize                         = 1048576                                   {product} {ergonomic}
    uintx GCDrainStackTargetSize                   = 64                                        {product} {ergonomic}
   size_t InitialHeapSize                          = 67108864                                  {product} {ergonomic}
   size_t MarkStackSize                            = 4194304                                   {product} {ergonomic}
   size_t MaxHeapSize                              = 1052770304                                {product} {ergonomic}
   size_t MaxNewSize                               = 631242752                                 {product} {ergonomic}
   size_t MinHeapDeltaBytes                        = 1048576                                   {product} {ergonomic}
   size_t MinHeapSize                              = 8388608                                   {product} {ergonomic}
    uintx NonNMethodCodeHeapSize                   = 5832780                                {pd product} {ergonomic}
    uintx NonProfiledCodeHeapSize                  = 122912730                              {pd product} {ergonomic}
    uintx ProfiledCodeHeapSize                     = 122912730                              {pd product} {ergonomic}
    uintx ReservedCodeCacheSize                    = 251658240                              {pd product} {ergonomic}
     bool SegmentedCodeCache                       = true                                      {product} {ergonomic}
   size_t SoftMaxHeapSize                          = 1052770304                             {manageable} {ergonomic}
     bool UseCompressedClassPointers               = true                           {product lp64_product} {ergonomic}
     bool UseCompressedOops                        = true                           {product lp64_product} {ergonomic}
     bool UseG1GC                                  = true                                      {product} {ergonomic}
     bool UseLargePagesIndividualAllocation        = false                                  {pd product} {ergonomic}

Logging:
Log output configuration:
 #0: stdout all=warning uptime,level,tags
 #1: stderr all=off uptime,level,tags

Environment Variables:
PATH=C:\Program Files\Common Files\Oracle\Java\javapath;C:\Program Files (x86)\Common Files\Oracle\Java\javapath;C:\WINDOWS\system32;C:\WINDOWS;C:\WINDOWS\System32\Wbem;C:\WINDOWS\System32\WindowsPowerShell\v1.0\;C:\WINDOWS\System32\OpenSSH\;C:\Program Files\Git\cmd;C:\Program Files\Docker\Docker\resources\bin;C:\ProgramData\ComposerSetup\bin;C:\Program Files\nodejs\;C:\ProgramData\chocolatey\bin;C:\Users\User\AppData\Local\Microsoft\WindowsApps;C:\Program Files\Java\jdk-17\bin;C:\php;C:\Users\User\AppData\Roaming\Composer\vendor\bin;C:\Users\User\AppData\Local\Programs\Microsoft VS Code\bin;C:\Users\User\AppData\Roaming\npm;C:\Program Files\JetBrains\WebStorm 2023.2.5\bin;;
USERNAME=User
OS=Windows_NT
PROCESSOR_IDENTIFIER=Intel64 Family 6 Model 78 Stepping 3, GenuineIntel
TMP=C:\Users\User\AppData\Local\Temp
TEMP=C:\Users\User\AppData\Local\Temp


JNI global refs:
JNI global refs: 8, weak refs: 4

JNI global refs memory usage: 843, weak refs: 841

OOME stack traces (most recent first):
Classloader memory used:
Loader jdk.internal.loader.ClassLoaders$AppClassLoader                                 : 5382K
Loader bootstrap                                                                       : 1294K
Loader java.net.URLClassLoader                                                         : 27529B
Loader jdk.internal.reflect.DelegatingClassLoader                                      : 9852B


---------------  S Y S T E M  ---------------

OS:
 Windows 10 , 64 bit Build 19041 (10.0.19041.3636)
OS uptime: 13 days 12:42 hours
Hyper-V role detected

CPU: total 4 (initial active 4) (2 cores per cpu, 2 threads per core) family 6 model 78 stepping 3 microcode 0xcc, cx8, cmov, fxsr, ht, mmx, 3dnowpref, sse, sse2, sse3, ssse3, sse4.1, sse4.2, popcnt, lzcnt, tsc, tscinvbit, avx, avx2, aes, erms, clmul, bmi1, bmi2, adx, fma, vzeroupper, clflush, clflushopt, hv

Memory: 4k page, system-wide physical 4012M (306M free)
TotalPageFile size 15429M (AvailPageFile size 49M)
current process WorkingSet (physical memory assigned to process): 194M, peak: 198M
current process commit charge ("private bytes"): 234M, peak: 307M

vm_info: OpenJDK 64-Bit Server VM (17.0.7+0-b2043.56-10550314) for windows-amd64 JRE (17.0.7+0-b2043.56-10550314), built on Jul 24 2023 18:27:45 by "androidbuild" with MS VC++ 16.10 / 16.11 (VS2019)

END.
